# JRE version: OpenJDK Runtime Environment (8.0_362-b09) (build 1.8.0_362-8u372-ga~us1-0ubuntu1~18.04-b09)
# Java VM: OpenJDK 64-Bit Server VM (25.362-b09 mixed mode linux-amd64 compressed oops)
Heap:
 PSYoungGen      total 125440K, used 63491K [0x00000000d6b80000, 0x00000000df800000, 0x0000000100000000)
  eden space 117248K, 47% used [0x00000000d6b80000,0x00000000da1b5650,0x00000000dde00000)
  from space 8192K, 97% used [0x00000000df000000,0x00000000df7cb950,0x00000000df800000)
  to   space 9216K, 0% used [0x00000000de600000,0x00000000de600000,0x00000000def00000)
 ParOldGen       total 45568K, used 5730K [0x0000000084200000, 0x0000000086e80000, 0x00000000d6b80000)
  object space 45568K, 12% used [0x0000000084200000,0x0000000084798ba0,0x0000000086e80000)
 Metaspace       used 30037K, capacity 32258K, committed 32384K, reserved 1077248K
  class space    used 4034K, capacity 4437K, committed 4480K, reserved 1048576K
GC Heap History (10 events):
Event: 2.264 GC heap before
{Heap before GC invocations=3 (full 0):
 PSYoungGen      total 36864K, used 36853K [0x00000000d6b80000, 0x00000000db380000, 0x0000000100000000)
  eden space 31744K, 100% used [0x00000000d6b80000,0x00000000d8a80000,0x00000000d8a80000)
  from space 5120K, 99% used [0x00000000d8f80000,0x00000000d947d678,0x00000000d9480000)
  to   space 5120K, 0% used [0x00000000d8a80000,0x00000000d8a80000,0x00000000d8f80000)
 ParOldGen       total 84992K, used 937K [0x0000000084200000, 0x0000000089500000, 0x00000000d6b80000)
  object space 84992K, 1% used [0x0000000084200000,0x00000000842ea5b8,0x0000000089500000)
 Metaspace       used 18586K, capacity 19358K, committed 19584K, reserved 1067008K
  class space    used 2419K, capacity 2615K, committed 2688K, reserved 1048576K
Event: 2.287 GC heap after
Heap after GC invocations=3 (full 0):
 PSYoungGen      total 36864K, used 5113K [0x00000000d6b80000, 0x00000000db380000, 0x0000000100000000)
  eden space 31744K, 0% used [0x00000000d6b80000,0x00000000d6b80000,0x00000000d8a80000)
  from space 5120K, 99% used [0x00000000d8a80000,0x00000000d8f7e560,0x00000000d8f80000)
  to   space 5120K, 0% used [0x00000000dae80000,0x00000000dae80000,0x00000000db380000)
 ParOldGen       total 84992K, used 3347K [0x0000000084200000, 0x0000000089500000, 0x00000000d6b80000)
  object space 84992K, 3% used [0x0000000084200000,0x0000000084544c28,0x0000000089500000)
 Metaspace       used 18586K, capacity 19358K, committed 19584K, reserved 1067008K
  class space    used 2419K, capacity 2615K, committed 2688K, reserved 1048576K
}
Event: 2.770 GC heap before
{Heap before GC invocations=4 (full 0):
 PSYoungGen      total 36864K, used 36857K [0x00000000d6b80000, 0x00000000db380000, 0x0000000100000000)
  eden space 31744K, 100% used [0x00000000d6b80000,0x00000000d8a80000,0x00000000d8a80000)
  from space 5120K, 99% used [0x00000000d8a80000,0x00000000d8f7e560,0x00000000d8f80000)
  to   space 5120K, 0% used [0x00000000dae80000,0x00000000dae80000,0x00000000db380000)
 ParOldGen       total 84992K, used 3347K [0x0000000084200000, 0x0000000089500000, 0x00000000d6b80000)
  object space 84992K, 3% used [0x0000000084200000,0x0000000084544c28,0x0000000089500000)
 Metaspace       used 19989K, capacity 20960K, committed 21120K, reserved 1067008K
  class space    used 2626K, capacity 2868K, committed 2944K, reserved 1048576K
Event: 2.791 GC heap after
Heap after GC invocations=4 (full 0):
 PSYoungGen      total 68608K, used 5088K [0x00000000d6b80000, 0x00000000db380000, 0x0000000100000000)
  eden space 63488K, 0% used [0x00000000d6b80000,0x00000000d6b80000,0x00000000da980000)
  from space 5120K, 99% used [0x00000000dae80000,0x00000000db378040,0x00000000db380000)
  to   space 5120K, 0% used [0x00000000da980000,0x00000000da980000,0x00000000dae80000)
 ParOldGen       total 84992K, used 5426K [0x0000000084200000, 0x0000000089500000, 0x00000000d6b80000)
  object space 84992K, 6% used [0x0000000084200000,0x000000008474cbb0,0x0000000089500000)
 Metaspace       used 19989K, capacity 20960K, committed 21120K, reserved 1067008K
  class space    used 2626K, capacity 2868K, committed 2944K, reserved 1048576K
}
Event: 2.826 GC heap before
{Heap before GC invocations=5 (full 0):
 PSYoungGen      total 68608K, used 9536K [0x00000000d6b80000, 0x00000000db380000, 0x0000000100000000)
  eden space 63488K, 7% used [0x00000000d6b80000,0x00000000d6fd8308,0x00000000da980000)
  from space 5120K, 99% used [0x00000000dae80000,0x00000000db378040,0x00000000db380000)
  to   space 5120K, 0% used [0x00000000da980000,0x00000000da980000,0x00000000dae80000)
 ParOldGen       total 84992K, used 5426K [0x0000000084200000, 0x0000000089500000, 0x00000000d6b80000)
  object space 84992K, 6% used [0x0000000084200000,0x000000008474cbb0,0x0000000089500000)
 Metaspace       used 20269K, capacity 21222K, committed 21296K, reserved 1067008K
  class space    used 2666K, capacity 2909K, committed 2944K, reserved 1048576K
Event: 2.834 GC heap after
Heap after GC invocations=5 (full 0):
 PSYoungGen      total 68608K, used 5088K [0x00000000d6b80000, 0x00000000df880000, 0x0000000100000000)
  eden space 63488K, 0% used [0x00000000d6b80000,0x00000000d6b80000,0x00000000da980000)
  from space 5120K, 99% used [0x00000000da980000,0x00000000dae78020,0x00000000dae80000)
  to   space 8704K, 0% used [0x00000000df000000,0x00000000df000000,0x00000000df880000)
 ParOldGen       total 84992K, used 5879K [0x0000000084200000, 0x0000000089500000, 0x00000000d6b80000)
  object space 84992K, 6% used [0x0000000084200000,0x00000000847bdfb0,0x0000000089500000)
 Metaspace       used 20269K, capacity 21222K, committed 21296K, reserved 1067008K
  class space    used 2666K, capacity 2909K, committed 2944K, reserved 1048576K
}
Event: 2.834 GC heap before
{Heap before GC invocations=6 (full 1):
 PSYoungGen      total 68608K, used 5088K [0x00000000d6b80000, 0x00000000df880000, 0x0000000100000000)
  eden space 63488K, 0% used [0x00000000d6b80000,0x00000000d6b80000,0x00000000da980000)
  from space 5120K, 99% used [0x00000000da980000,0x00000000dae78020,0x00000000dae80000)
  to   space 8704K, 0% used [0x00000000df000000,0x00000000df000000,0x00000000df880000)
 ParOldGen       total 84992K, used 5879K [0x0000000084200000, 0x0000000089500000, 0x00000000d6b80000)
  object space 84992K, 6% used [0x0000000084200000,0x00000000847bdfb0,0x0000000089500000)
 Metaspace       used 20269K, capacity 21222K, committed 21296K, reserved 1067008K
  class space    used 2666K, capacity 2909K, committed 2944K, reserved 1048576K
Event: 2.866 GC heap after
Heap after GC invocations=6 (full 1):
 PSYoungGen      total 68608K, used 0K [0x00000000d6b80000, 0x00000000df880000, 0x0000000100000000)
  eden space 63488K, 0% used [0x00000000d6b80000,0x00000000d6b80000,0x00000000da980000)
  from space 5120K, 0% used [0x00000000da980000,0x00000000da980000,0x00000000dae80000)
  to   space 8704K, 0% used [0x00000000df000000,0x00000000df000000,0x00000000df880000)
 ParOldGen       total 45568K, used 5722K [0x0000000084200000, 0x0000000086e80000, 0x00000000d6b80000)
  object space 45568K, 12% used [0x0000000084200000,0x0000000084796ba0,0x0000000086e80000)
 Metaspace       used 20269K, capacity 21222K, committed 21296K, reserved 1067008K
  class space    used 2666K, capacity 2909K, committed 2944K, reserved 1048576K
}
Event: 3.525 GC heap before
{Heap before GC invocations=7 (full 1):
 PSYoungGen      total 68608K, used 63488K [0x00000000d6b80000, 0x00000000df880000, 0x0000000100000000)
  eden space 63488K, 100% used [0x00000000d6b80000,0x00000000da980000,0x00000000da980000)
  from space 5120K, 0% used [0x00000000da980000,0x00000000da980000,0x00000000dae80000)
  to   space 8704K, 0% used [0x00000000df000000,0x00000000df000000,0x00000000df880000)
 ParOldGen       total 45568K, used 5722K [0x0000000084200000, 0x0000000086e80000, 0x00000000d6b80000)
  object space 45568K, 12% used [0x0000000084200000,0x0000000084796ba0,0x0000000086e80000)
 Metaspace       used 25875K, capacity 27586K, committed 27648K, reserved 1073152K
  class space    used 3459K, capacity 3780K, committed 3840K, reserved 1048576K
Event: 3.533 GC heap after
Heap after GC invocations=7 (full 1):
 PSYoungGen      total 125440K, used 7982K [0x00000000d6b80000, 0x00000000df800000, 0x0000000100000000)
  eden space 117248K, 0% used [0x00000000d6b80000,0x00000000d6b80000,0x00000000dde00000)
  from space 8192K, 97% used [0x00000000df000000,0x00000000df7cb950,0x00000000df800000)
  to   space 9216K, 0% used [0x00000000de600000,0x00000000de600000,0x00000000def00000)
 ParOldGen       total 45568K, used 5730K [0x0000000084200000, 0x0000000086e80000, 0x00000000d6b80000)
  object space 45568K, 12% used [0x0000000084200000,0x0000000084798ba0,0x0000000086e80000)
 Metaspace       used 25875K, capacity 27586K, committed 27648K, reserved 1073152K
  class space    used 3459K, capacity 3780K, committed 3840K, reserved 1048576K
}

