# JRE version: OpenJDK Runtime Environment (8.0_362-b09) (build 1.8.0_362-8u372-ga~us1-0ubuntu1~18.04-b09)
# Java VM: OpenJDK 64-Bit Server VM (25.362-b09 mixed mode linux-amd64 compressed oops)
Heap:
 PSYoungGen      total 121856K, used 67873K [0x00000000d6b80000, 0x00000000df800000, 0x0000000100000000)
  eden space 113664K, 52% used [0x00000000d6b80000,0x00000000da6379f0,0x00000000dda80000)
  from space 8192K, 94% used [0x00000000df000000,0x00000000df790d80,0x00000000df800000)
  to   space 9728K, 0% used [0x00000000de500000,0x00000000de500000,0x00000000dee80000)
 ParOldGen       total 47104K, used 6193K [0x0000000084200000, 0x0000000087000000, 0x00000000d6b80000)
  object space 47104K, 13% used [0x0000000084200000,0x000000008480c510,0x0000000087000000)
 Metaspace       used 30067K, capacity 32194K, committed 32304K, reserved 1077248K
  class space    used 3962K, capacity 4343K, committed 4400K, reserved 1048576K
GC Heap History (10 events):
Event: 1.093 GC heap before
{Heap before GC invocations=3 (full 0):
 PSYoungGen      total 36864K, used 36843K [0x00000000d6b80000, 0x00000000db380000, 0x0000000100000000)
  eden space 31744K, 100% used [0x00000000d6b80000,0x00000000d8a80000,0x00000000d8a80000)
  from space 5120K, 99% used [0x00000000d8f80000,0x00000000d947ac70,0x00000000d9480000)
  to   space 5120K, 0% used [0x00000000d8a80000,0x00000000d8a80000,0x00000000d8f80000)
 ParOldGen       total 84992K, used 573K [0x0000000084200000, 0x0000000089500000, 0x00000000d6b80000)
  object space 84992K, 0% used [0x0000000084200000,0x000000008428f4d0,0x0000000089500000)
 Metaspace       used 17644K, capacity 18412K, committed 18560K, reserved 1064960K
  class space    used 2241K, capacity 2428K, committed 2432K, reserved 1048576K
Event: 1.101 GC heap after
Heap after GC invocations=3 (full 0):
 PSYoungGen      total 36864K, used 5104K [0x00000000d6b80000, 0x00000000db380000, 0x0000000100000000)
  eden space 31744K, 0% used [0x00000000d6b80000,0x00000000d6b80000,0x00000000d8a80000)
  from space 5120K, 99% used [0x00000000d8a80000,0x00000000d8f7c330,0x00000000d8f80000)
  to   space 5120K, 0% used [0x00000000dae80000,0x00000000dae80000,0x00000000db380000)
 ParOldGen       total 84992K, used 2576K [0x0000000084200000, 0x0000000089500000, 0x00000000d6b80000)
  object space 84992K, 3% used [0x0000000084200000,0x00000000844842b0,0x0000000089500000)
 Metaspace       used 17644K, capacity 18412K, committed 18560K, reserved 1064960K
  class space    used 2241K, capacity 2428K, committed 2432K, reserved 1048576K
}
Event: 1.319 GC heap before
{Heap before GC invocations=4 (full 0):
 PSYoungGen      total 36864K, used 36848K [0x00000000d6b80000, 0x00000000db380000, 0x0000000100000000)
  eden space 31744K, 100% used [0x00000000d6b80000,0x00000000d8a80000,0x00000000d8a80000)
  from space 5120K, 99% used [0x00000000d8a80000,0x00000000d8f7c330,0x00000000d8f80000)
  to   space 5120K, 0% used [0x00000000dae80000,0x00000000dae80000,0x00000000db380000)
 ParOldGen       total 84992K, used 2576K [0x0000000084200000, 0x0000000089500000, 0x00000000d6b80000)
  object space 84992K, 3% used [0x0000000084200000,0x00000000844842b0,0x0000000089500000)
 Metaspace       used 20276K, capacity 21176K, committed 21296K, reserved 1067008K
  class space    used 2607K, capacity 2826K, committed 2864K, reserved 1048576K
Event: 1.329 GC heap after
Heap after GC invocations=4 (full 0):
 PSYoungGen      total 68608K, used 5094K [0x00000000d6b80000, 0x00000000db380000, 0x0000000100000000)
  eden space 63488K, 0% used [0x00000000d6b80000,0x00000000d6b80000,0x00000000da980000)
  from space 5120K, 99% used [0x00000000dae80000,0x00000000db379810,0x00000000db380000)
  to   space 5120K, 0% used [0x00000000da980000,0x00000000da980000,0x00000000dae80000)
 ParOldGen       total 84992K, used 5166K [0x0000000084200000, 0x0000000089500000, 0x00000000d6b80000)
  object space 84992K, 6% used [0x0000000084200000,0x000000008470bb60,0x0000000089500000)
 Metaspace       used 20276K, capacity 21176K, committed 21296K, reserved 1067008K
  class space    used 2607K, capacity 2826K, committed 2864K, reserved 1048576K
}
Event: 1.371 GC heap before
{Heap before GC invocations=5 (full 0):
 PSYoungGen      total 68608K, used 11320K [0x00000000d6b80000, 0x00000000db380000, 0x0000000100000000)
  eden space 63488K, 9% used [0x00000000d6b80000,0x00000000d7194bd0,0x00000000da980000)
  from space 5120K, 99% used [0x00000000dae80000,0x00000000db379810,0x00000000db380000)
  to   space 5120K, 0% used [0x00000000da980000,0x00000000da980000,0x00000000dae80000)
 ParOldGen       total 84992K, used 5166K [0x0000000084200000, 0x0000000089500000, 0x00000000d6b80000)
  object space 84992K, 6% used [0x0000000084200000,0x000000008470bb60,0x0000000089500000)
 Metaspace       used 20368K, capacity 21258K, committed 21296K, reserved 1067008K
  class space    used 2624K, capacity 2829K, committed 2864K, reserved 1048576K
Event: 1.393 GC heap after
Heap after GC invocations=5 (full 0):
 PSYoungGen      total 68608K, used 5109K [0x00000000d6b80000, 0x00000000df880000, 0x0000000100000000)
  eden space 63488K, 0% used [0x00000000d6b80000,0x00000000d6b80000,0x00000000da980000)
  from space 5120K, 99% used [0x00000000da980000,0x00000000dae7d648,0x00000000dae80000)
  to   space 8704K, 0% used [0x00000000df000000,0x00000000df000000,0x00000000df880000)
 ParOldGen       total 84992K, used 5655K [0x0000000084200000, 0x0000000089500000, 0x00000000d6b80000)
  object space 84992K, 6% used [0x0000000084200000,0x0000000084785f20,0x0000000089500000)
 Metaspace       used 20368K, capacity 21258K, committed 21296K, reserved 1067008K
  class space    used 2624K, capacity 2829K, committed 2864K, reserved 1048576K
}
Event: 1.393 GC heap before
{Heap before GC invocations=6 (full 1):
 PSYoungGen      total 68608K, used 5109K [0x00000000d6b80000, 0x00000000df880000, 0x0000000100000000)
  eden space 63488K, 0% used [0x00000000d6b80000,0x00000000d6b80000,0x00000000da980000)
  from space 5120K, 99% used [0x00000000da980000,0x00000000dae7d648,0x00000000dae80000)
  to   space 8704K, 0% used [0x00000000df000000,0x00000000df000000,0x00000000df880000)
 ParOldGen       total 84992K, used 5655K [0x0000000084200000, 0x0000000089500000, 0x00000000d6b80000)
  object space 84992K, 6% used [0x0000000084200000,0x0000000084785f20,0x0000000089500000)
 Metaspace       used 20368K, capacity 21258K, committed 21296K, reserved 1067008K
  class space    used 2624K, capacity 2829K, committed 2864K, reserved 1048576K
Event: 1.426 GC heap after
Heap after GC invocations=6 (full 1):
 PSYoungGen      total 68608K, used 0K [0x00000000d6b80000, 0x00000000df880000, 0x0000000100000000)
  eden space 63488K, 0% used [0x00000000d6b80000,0x00000000d6b80000,0x00000000da980000)
  from space 5120K, 0% used [0x00000000da980000,0x00000000da980000,0x00000000dae80000)
  to   space 8704K, 0% used [0x00000000df000000,0x00000000df000000,0x00000000df880000)
 ParOldGen       total 47104K, used 6185K [0x0000000084200000, 0x0000000087000000, 0x00000000d6b80000)
  object space 47104K, 13% used [0x0000000084200000,0x000000008480a510,0x0000000087000000)
 Metaspace       used 20368K, capacity 21258K, committed 21296K, reserved 1067008K
  class space    used 2624K, capacity 2829K, committed 2864K, reserved 1048576K
}
Event: 1.881 GC heap before
{Heap before GC invocations=7 (full 1):
 PSYoungGen      total 68608K, used 63488K [0x00000000d6b80000, 0x00000000df880000, 0x0000000100000000)
  eden space 63488K, 100% used [0x00000000d6b80000,0x00000000da980000,0x00000000da980000)
  from space 5120K, 0% used [0x00000000da980000,0x00000000da980000,0x00000000dae80000)
  to   space 8704K, 0% used [0x00000000df000000,0x00000000df000000,0x00000000df880000)
 ParOldGen       total 47104K, used 6185K [0x0000000084200000, 0x0000000087000000, 0x00000000d6b80000)
  object space 47104K, 13% used [0x0000000084200000,0x000000008480a510,0x0000000087000000)
 Metaspace       used 25846K, capacity 27478K, committed 27568K, reserved 1073152K
  class space    used 3381K, capacity 3694K, committed 3760K, reserved 1048576K
Event: 1.889 GC heap after
Heap after GC invocations=7 (full 1):
 PSYoungGen      total 121856K, used 7747K [0x00000000d6b80000, 0x00000000df800000, 0x0000000100000000)
  eden space 113664K, 0% used [0x00000000d6b80000,0x00000000d6b80000,0x00000000dda80000)
  from space 8192K, 94% used [0x00000000df000000,0x00000000df790d80,0x00000000df800000)
  to   space 9728K, 0% used [0x00000000de500000,0x00000000de500000,0x00000000dee80000)
 ParOldGen       total 47104K, used 6193K [0x0000000084200000, 0x0000000087000000, 0x00000000d6b80000)
  object space 47104K, 13% used [0x0000000084200000,0x000000008480c510,0x0000000087000000)
 Metaspace       used 25846K, capacity 27478K, committed 27568K, reserved 1073152K
  class space    used 3381K, capacity 3694K, committed 3760K, reserved 1048576K
}

