# JRE version: Java(TM) SE Runtime Environment (8.0_391) (build 1.8.0_391-b13)
# Java VM: Java HotSpot(TM) 64-Bit Server VM (25.391-b13 mixed mode linux-amd64 compressed oops)
Heap:
 PSYoungGen      total 98816K, used 41019K [0x00000000d6b80000, 0x00000000df180000, 0x0000000100000000)
  eden space 93696K, 38% used [0x00000000d6b80000,0x00000000d8e95810,0x00000000dc700000)
  from space 5120K, 99% used [0x00000000dec80000,0x00000000df1797a0,0x00000000df180000)
  to   space 5120K, 0% used [0x00000000de780000,0x00000000de780000,0x00000000dec80000)
 ParOldGen       total 64512K, used 13433K [0x0000000084200000, 0x0000000088100000, 0x00000000d6b80000)
  object space 64512K, 20% used [0x0000000084200000,0x0000000084f1e5e8,0x0000000088100000)
 Metaspace       used 30450K, capacity 32544K, committed 32640K, reserved 1077248K
  class space    used 4051K, capacity 4437K, committed 4480K, reserved 1048576K
GC Heap History (10 events):
Event: 0.444 GC heap before
{Heap before GC invocations=1 (full 0):
 PSYoungGen      total 36864K, used 31744K [0x00000000d6b80000, 0x00000000d9480000, 0x0000000100000000)
  eden space 31744K, 100% used [0x00000000d6b80000,0x00000000d8a80000,0x00000000d8a80000)
  from space 5120K, 0% used [0x00000000d8f80000,0x00000000d8f80000,0x00000000d9480000)
  to   space 5120K, 0% used [0x00000000d8a80000,0x00000000d8a80000,0x00000000d8f80000)
 ParOldGen       total 84992K, used 0K [0x0000000084200000, 0x0000000089500000, 0x00000000d6b80000)
  object space 84992K, 0% used [0x0000000084200000,0x0000000084200000,0x0000000089500000)
 Metaspace       used 11931K, capacity 12198K, committed 12416K, reserved 1060864K
  class space    used 1459K, capacity 1569K, committed 1664K, reserved 1048576K
Event: 0.449 GC heap after
Heap after GC invocations=1 (full 0):
 PSYoungGen      total 36864K, used 4765K [0x00000000d6b80000, 0x00000000db380000, 0x0000000100000000)
  eden space 31744K, 0% used [0x00000000d6b80000,0x00000000d6b80000,0x00000000d8a80000)
  from space 5120K, 93% used [0x00000000d8a80000,0x00000000d8f277e8,0x00000000d8f80000)
  to   space 5120K, 0% used [0x00000000dae80000,0x00000000dae80000,0x00000000db380000)
 ParOldGen       total 84992K, used 16K [0x0000000084200000, 0x0000000089500000, 0x00000000d6b80000)
  object space 84992K, 0% used [0x0000000084200000,0x0000000084204000,0x0000000089500000)
 Metaspace       used 11931K, capacity 12198K, committed 12416K, reserved 1060864K
  class space    used 1459K, capacity 1569K, committed 1664K, reserved 1048576K
}
Event: 0.639 GC heap before
{Heap before GC invocations=2 (full 0):
 PSYoungGen      total 36864K, used 36509K [0x00000000d6b80000, 0x00000000db380000, 0x0000000100000000)
  eden space 31744K, 100% used [0x00000000d6b80000,0x00000000d8a80000,0x00000000d8a80000)
  from space 5120K, 93% used [0x00000000d8a80000,0x00000000d8f277e8,0x00000000d8f80000)
  to   space 5120K, 0% used [0x00000000dae80000,0x00000000dae80000,0x00000000db380000)
 ParOldGen       total 84992K, used 16K [0x0000000084200000, 0x0000000089500000, 0x00000000d6b80000)
  object space 84992K, 0% used [0x0000000084200000,0x0000000084204000,0x0000000089500000)
 Metaspace       used 16012K, capacity 16686K, committed 16896K, reserved 1064960K
  class space    used 2050K, capacity 2215K, committed 2304K, reserved 1048576K
Event: 0.646 GC heap after
Heap after GC invocations=2 (full 0):
 PSYoungGen      total 68608K, used 5108K [0x00000000d6b80000, 0x00000000db380000, 0x0000000100000000)
  eden space 63488K, 0% used [0x00000000d6b80000,0x00000000d6b80000,0x00000000da980000)
  from space 5120K, 99% used [0x00000000dae80000,0x00000000db37d388,0x00000000db380000)
  to   space 5120K, 0% used [0x00000000da980000,0x00000000da980000,0x00000000dae80000)
 ParOldGen       total 84992K, used 1910K [0x0000000084200000, 0x0000000089500000, 0x00000000d6b80000)
  object space 84992K, 2% used [0x0000000084200000,0x00000000843dda80,0x0000000089500000)
 Metaspace       used 16012K, capacity 16686K, committed 16896K, reserved 1064960K
  class space    used 2050K, capacity 2215K, committed 2304K, reserved 1048576K
}
Event: 0.991 GC heap before
{Heap before GC invocations=3 (full 0):
 PSYoungGen      total 68608K, used 60732K [0x00000000d6b80000, 0x00000000db380000, 0x0000000100000000)
  eden space 63488K, 87% used [0x00000000d6b80000,0x00000000da1d1d98,0x00000000da980000)
  from space 5120K, 99% used [0x00000000dae80000,0x00000000db37d388,0x00000000db380000)
  to   space 5120K, 0% used [0x00000000da980000,0x00000000da980000,0x00000000dae80000)
 ParOldGen       total 84992K, used 1910K [0x0000000084200000, 0x0000000089500000, 0x00000000d6b80000)
  object space 84992K, 2% used [0x0000000084200000,0x00000000843dda80,0x0000000089500000)
 Metaspace       used 20280K, capacity 21180K, committed 21296K, reserved 1067008K
  class space    used 2665K, capacity 2890K, committed 2944K, reserved 1048576K
Event: 1.003 GC heap after
Heap after GC invocations=3 (full 0):
 PSYoungGen      total 68608K, used 5109K [0x00000000d6b80000, 0x00000000df180000, 0x0000000100000000)
  eden space 63488K, 0% used [0x00000000d6b80000,0x00000000d6b80000,0x00000000da980000)
  from space 5120K, 99% used [0x00000000da980000,0x00000000dae7d648,0x00000000dae80000)
  to   space 5120K, 0% used [0x00000000dec80000,0x00000000dec80000,0x00000000df180000)
 ParOldGen       total 84992K, used 6948K [0x0000000084200000, 0x0000000089500000, 0x00000000d6b80000)
  object space 84992K, 8% used [0x0000000084200000,0x00000000848c90e0,0x0000000089500000)
 Metaspace       used 20280K, capacity 21180K, committed 21296K, reserved 1067008K
  class space    used 2665K, capacity 2890K, committed 2944K, reserved 1048576K
}
Event: 1.003 GC heap before
{Heap before GC invocations=4 (full 1):
 PSYoungGen      total 68608K, used 5109K [0x00000000d6b80000, 0x00000000df180000, 0x0000000100000000)
  eden space 63488K, 0% used [0x00000000d6b80000,0x00000000d6b80000,0x00000000da980000)
  from space 5120K, 99% used [0x00000000da980000,0x00000000dae7d648,0x00000000dae80000)
  to   space 5120K, 0% used [0x00000000dec80000,0x00000000dec80000,0x00000000df180000)
 ParOldGen       total 84992K, used 6948K [0x0000000084200000, 0x0000000089500000, 0x00000000d6b80000)
  object space 84992K, 8% used [0x0000000084200000,0x00000000848c90e0,0x0000000089500000)
 Metaspace       used 20280K, capacity 21180K, committed 21296K, reserved 1067008K
  class space    used 2665K, capacity 2890K, committed 2944K, reserved 1048576K
Event: 1.031 GC heap after
Heap after GC invocations=4 (full 1):
 PSYoungGen      total 68608K, used 0K [0x00000000d6b80000, 0x00000000df180000, 0x0000000100000000)
  eden space 63488K, 0% used [0x00000000d6b80000,0x00000000d6b80000,0x00000000da980000)
  from space 5120K, 0% used [0x00000000da980000,0x00000000da980000,0x00000000dae80000)
  to   space 5120K, 0% used [0x00000000dec80000,0x00000000dec80000,0x00000000df180000)
 ParOldGen       total 64512K, used 9940K [0x0000000084200000, 0x0000000088100000, 0x00000000d6b80000)
  object space 64512K, 15% used [0x0000000084200000,0x0000000084bb5118,0x0000000088100000)
 Metaspace       used 20280K, capacity 21180K, committed 21296K, reserved 1067008K
  class space    used 2665K, capacity 2890K, committed 2944K, reserved 1048576K
}
Event: 1.497 GC heap before
{Heap before GC invocations=5 (full 1):
 PSYoungGen      total 68608K, used 63488K [0x00000000d6b80000, 0x00000000df180000, 0x0000000100000000)
  eden space 63488K, 100% used [0x00000000d6b80000,0x00000000da980000,0x00000000da980000)
  from space 5120K, 0% used [0x00000000da980000,0x00000000da980000,0x00000000dae80000)
  to   space 5120K, 0% used [0x00000000dec80000,0x00000000dec80000,0x00000000df180000)
 ParOldGen       total 64512K, used 9940K [0x0000000084200000, 0x0000000088100000, 0x00000000d6b80000)
  object space 64512K, 15% used [0x0000000084200000,0x0000000084bb5118,0x0000000088100000)
 Metaspace       used 27358K, capacity 29128K, committed 29312K, reserved 1075200K
  class space    used 3630K, capacity 3960K, committed 3968K, reserved 1048576K
Event: 1.507 GC heap after
Heap after GC invocations=5 (full 1):
 PSYoungGen      total 98816K, used 5093K [0x00000000d6b80000, 0x00000000df180000, 0x0000000100000000)
  eden space 93696K, 0% used [0x00000000d6b80000,0x00000000d6b80000,0x00000000dc700000)
  from space 5120K, 99% used [0x00000000dec80000,0x00000000df1797a0,0x00000000df180000)
  to   space 5120K, 0% used [0x00000000de780000,0x00000000de780000,0x00000000dec80000)
 ParOldGen       total 64512K, used 13433K [0x0000000084200000, 0x0000000088100000, 0x00000000d6b80000)
  object space 64512K, 20% used [0x0000000084200000,0x0000000084f1e5e8,0x0000000088100000)
 Metaspace       used 27358K, capacity 29128K, committed 29312K, reserved 1075200K
  class space    used 3630K, capacity 3960K, committed 3968K, reserved 1048576K
}

