# JRE version: OpenJDK Runtime Environment (8.0_362-b09) (build 1.8.0_362-8u372-ga~us1-0ubuntu1~18.04-b09)
# Java VM: OpenJDK 64-Bit Server VM (25.362-b09 mixed mode linux-amd64 compressed oops)
Heap:
 PSYoungGen      total 132096K, used 125707K [0x00000000d6b80000, 0x00000000df180000, 0x0000000100000000)
  eden space 126976K, 99% used [0x00000000d6b80000,0x00000000de642e78,0x00000000de780000)
  from space 5120K, 0% used [0x00000000dec80000,0x00000000dec80000,0x00000000df180000)
  to   space 5120K, 0% used [0x00000000de780000,0x00000000de780000,0x00000000dec80000)
 ParOldGen       total 54784K, used 6224K [0x0000000084200000, 0x0000000087780000, 0x00000000d6b80000)
  object space 54784K, 11% used [0x0000000084200000,0x0000000084814300,0x0000000087780000)
 Metaspace       used 30084K, capacity 32214K, committed 32304K, reserved 1077248K
  class space    used 3969K, capacity 4343K, committed 4400K, reserved 1048576K
GC Heap History (10 events):
Event: 0.631 GC heap before
{Heap before GC invocations=1 (full 0):
 PSYoungGen      total 36864K, used 31744K [0x00000000d6b80000, 0x00000000d9480000, 0x0000000100000000)
  eden space 31744K, 100% used [0x00000000d6b80000,0x00000000d8a80000,0x00000000d8a80000)
  from space 5120K, 0% used [0x00000000d8f80000,0x00000000d8f80000,0x00000000d9480000)
  to   space 5120K, 0% used [0x00000000d8a80000,0x00000000d8a80000,0x00000000d8f80000)
 ParOldGen       total 84992K, used 0K [0x0000000084200000, 0x0000000089500000, 0x00000000d6b80000)
  object space 84992K, 0% used [0x0000000084200000,0x0000000084200000,0x0000000089500000)
 Metaspace       used 10895K, capacity 11152K, committed 11392K, reserved 1058816K
  class space    used 1301K, capacity 1394K, committed 1408K, reserved 1048576K
Event: 0.651 GC heap after
Heap after GC invocations=1 (full 0):
 PSYoungGen      total 36864K, used 3845K [0x00000000d6b80000, 0x00000000db380000, 0x0000000100000000)
  eden space 31744K, 0% used [0x00000000d6b80000,0x00000000d6b80000,0x00000000d8a80000)
  from space 5120K, 75% used [0x00000000d8a80000,0x00000000d8e41448,0x00000000d8f80000)
  to   space 5120K, 0% used [0x00000000dae80000,0x00000000dae80000,0x00000000db380000)
 ParOldGen       total 84992K, used 16K [0x0000000084200000, 0x0000000089500000, 0x00000000d6b80000)
  object space 84992K, 0% used [0x0000000084200000,0x0000000084204000,0x0000000089500000)
 Metaspace       used 10895K, capacity 11152K, committed 11392K, reserved 1058816K
  class space    used 1301K, capacity 1394K, committed 1408K, reserved 1048576K
}
Event: 0.953 GC heap before
{Heap before GC invocations=2 (full 0):
 PSYoungGen      total 36864K, used 35589K [0x00000000d6b80000, 0x00000000db380000, 0x0000000100000000)
  eden space 31744K, 100% used [0x00000000d6b80000,0x00000000d8a80000,0x00000000d8a80000)
  from space 5120K, 75% used [0x00000000d8a80000,0x00000000d8e41448,0x00000000d8f80000)
  to   space 5120K, 0% used [0x00000000dae80000,0x00000000dae80000,0x00000000db380000)
 ParOldGen       total 84992K, used 18K [0x0000000084200000, 0x0000000089500000, 0x00000000d6b80000)
  object space 84992K, 0% used [0x0000000084200000,0x0000000084204808,0x0000000089500000)
 Metaspace       used 14155K, capacity 14806K, committed 15104K, reserved 1062912K
  class space    used 1830K, capacity 2001K, committed 2048K, reserved 1048576K
Event: 0.961 GC heap after
Heap after GC invocations=2 (full 0):
 PSYoungGen      total 68608K, used 5117K [0x00000000d6b80000, 0x00000000db380000, 0x0000000100000000)
  eden space 63488K, 0% used [0x00000000d6b80000,0x00000000d6b80000,0x00000000da980000)
  from space 5120K, 99% used [0x00000000dae80000,0x00000000db37f4f0,0x00000000db380000)
  to   space 5120K, 0% used [0x00000000da980000,0x00000000da980000,0x00000000dae80000)
 ParOldGen       total 84992K, used 489K [0x0000000084200000, 0x0000000089500000, 0x00000000d6b80000)
  object space 84992K, 0% used [0x0000000084200000,0x000000008427a758,0x0000000089500000)
 Metaspace       used 14155K, capacity 14806K, committed 15104K, reserved 1062912K
  class space    used 1830K, capacity 2001K, committed 2048K, reserved 1048576K
}
Event: 1.310 GC heap before
{Heap before GC invocations=3 (full 0):
 PSYoungGen      total 68608K, used 68605K [0x00000000d6b80000, 0x00000000db380000, 0x0000000100000000)
  eden space 63488K, 100% used [0x00000000d6b80000,0x00000000da980000,0x00000000da980000)
  from space 5120K, 99% used [0x00000000dae80000,0x00000000db37f4f0,0x00000000db380000)
  to   space 5120K, 0% used [0x00000000da980000,0x00000000da980000,0x00000000dae80000)
 ParOldGen       total 84992K, used 502K [0x0000000084200000, 0x0000000089500000, 0x00000000d6b80000)
  object space 84992K, 0% used [0x0000000084200000,0x000000008427d8c8,0x0000000089500000)
 Metaspace       used 20250K, capacity 21156K, committed 21248K, reserved 1067008K
  class space    used 2598K, capacity 2794K, committed 2816K, reserved 1048576K
Event: 1.322 GC heap after
Heap after GC invocations=3 (full 0):
 PSYoungGen      total 68608K, used 5104K [0x00000000d6b80000, 0x00000000df180000, 0x0000000100000000)
  eden space 63488K, 0% used [0x00000000d6b80000,0x00000000d6b80000,0x00000000da980000)
  from space 5120K, 99% used [0x00000000da980000,0x00000000dae7c1e8,0x00000000dae80000)
  to   space 5120K, 0% used [0x00000000dec80000,0x00000000dec80000,0x00000000df180000)
 ParOldGen       total 84992K, used 5804K [0x0000000084200000, 0x0000000089500000, 0x00000000d6b80000)
  object space 84992K, 6% used [0x0000000084200000,0x00000000847ab320,0x0000000089500000)
 Metaspace       used 20250K, capacity 21156K, committed 21248K, reserved 1067008K
  class space    used 2598K, capacity 2794K, committed 2816K, reserved 1048576K
}
Event: 1.393 GC heap before
{Heap before GC invocations=4 (full 0):
 PSYoungGen      total 68608K, used 11789K [0x00000000d6b80000, 0x00000000df180000, 0x0000000100000000)
  eden space 63488K, 10% used [0x00000000d6b80000,0x00000000d7207520,0x00000000da980000)
  from space 5120K, 99% used [0x00000000da980000,0x00000000dae7c1e8,0x00000000dae80000)
  to   space 5120K, 0% used [0x00000000dec80000,0x00000000dec80000,0x00000000df180000)
 ParOldGen       total 84992K, used 5804K [0x0000000084200000, 0x0000000089500000, 0x00000000d6b80000)
  object space 84992K, 6% used [0x0000000084200000,0x00000000847ab320,0x0000000089500000)
 Metaspace       used 20358K, capacity 21260K, committed 21296K, reserved 1067008K
  class space    used 2620K, capacity 2828K, committed 2864K, reserved 1048576K
Event: 1.402 GC heap after
Heap after GC invocations=4 (full 0):
 PSYoungGen      total 132096K, used 5109K [0x00000000d6b80000, 0x00000000df180000, 0x0000000100000000)
  eden space 126976K, 0% used [0x00000000d6b80000,0x00000000d6b80000,0x00000000de780000)
  from space 5120K, 99% used [0x00000000dec80000,0x00000000df17d648,0x00000000df180000)
  to   space 5120K, 0% used [0x00000000de780000,0x00000000de780000,0x00000000dec80000)
 ParOldGen       total 84992K, used 6386K [0x0000000084200000, 0x0000000089500000, 0x00000000d6b80000)
  object space 84992K, 7% used [0x0000000084200000,0x000000008483c850,0x0000000089500000)
 Metaspace       used 20358K, capacity 21260K, committed 21296K, reserved 1067008K
  class space    used 2620K, capacity 2828K, committed 2864K, reserved 1048576K
}
Event: 1.402 GC heap before
{Heap before GC invocations=5 (full 1):
 PSYoungGen      total 132096K, used 5109K [0x00000000d6b80000, 0x00000000df180000, 0x0000000100000000)
  eden space 126976K, 0% used [0x00000000d6b80000,0x00000000d6b80000,0x00000000de780000)
  from space 5120K, 99% used [0x00000000dec80000,0x00000000df17d648,0x00000000df180000)
  to   space 5120K, 0% used [0x00000000de780000,0x00000000de780000,0x00000000dec80000)
 ParOldGen       total 84992K, used 6386K [0x0000000084200000, 0x0000000089500000, 0x00000000d6b80000)
  object space 84992K, 7% used [0x0000000084200000,0x000000008483c850,0x0000000089500000)
 Metaspace       used 20358K, capacity 21260K, committed 21296K, reserved 1067008K
  class space    used 2620K, capacity 2828K, committed 2864K, reserved 1048576K
Event: 1.444 GC heap after
Heap after GC invocations=5 (full 1):
 PSYoungGen      total 132096K, used 0K [0x00000000d6b80000, 0x00000000df180000, 0x0000000100000000)
  eden space 126976K, 0% used [0x00000000d6b80000,0x00000000d6b80000,0x00000000de780000)
  from space 5120K, 0% used [0x00000000dec80000,0x00000000dec80000,0x00000000df180000)
  to   space 5120K, 0% used [0x00000000de780000,0x00000000de780000,0x00000000dec80000)
 ParOldGen       total 54784K, used 6224K [0x0000000084200000, 0x0000000087780000, 0x00000000d6b80000)
  object space 54784K, 11% used [0x0000000084200000,0x0000000084814300,0x0000000087780000)
 Metaspace       used 20358K, capacity 21260K, committed 21296K, reserved 1067008K
  class space    used 2620K, capacity 2828K, committed 2864K, reserved 1048576K
}

