# JRE version: Java(TM) SE Runtime Environment (8.0_391) (build 1.8.0_391-b13)
# Java VM: Java HotSpot(TM) 64-Bit Server VM (25.391-b13 mixed mode linux-amd64 compressed oops)
Heap:
 PSYoungGen      total 68608K, used 51386K [0x00000000d6b80000, 0x00000000ddd80000, 0x0000000100000000)
  eden space 63488K, 72% used [0x00000000d6b80000,0x00000000d98b5208,0x00000000da980000)
  from space 5120K, 99% used [0x00000000da980000,0x00000000dae797a8,0x00000000dae80000)
  to   space 10240K, 0% used [0x00000000dd380000,0x00000000dd380000,0x00000000ddd80000)
 ParOldGen       total 56832K, used 10411K [0x0000000084200000, 0x0000000087980000, 0x00000000d6b80000)
  object space 56832K, 18% used [0x0000000084200000,0x0000000084c2af20,0x0000000087980000)
 Metaspace       used 31057K, capacity 33242K, committed 33456K, reserved 1079296K
  class space    used 4076K, capacity 4470K, committed 4528K, reserved 1048576K
GC Heap History (10 events):
Event: 1.418 GC heap before
{Heap before GC invocations=2 (full 0):
 PSYoungGen      total 36864K, used 35952K [0x00000000d6b80000, 0x00000000d9480000, 0x0000000100000000)
  eden space 31744K, 100% used [0x00000000d6b80000,0x00000000d8a80000,0x00000000d8a80000)
  from space 5120K, 82% used [0x00000000d8a80000,0x00000000d8e9c138,0x00000000d8f80000)
  to   space 5120K, 0% used [0x00000000d8f80000,0x00000000d8f80000,0x00000000d9480000)
 ParOldGen       total 84992K, used 8K [0x0000000084200000, 0x0000000089500000, 0x00000000d6b80000)
  object space 84992K, 0% used [0x0000000084200000,0x0000000084202000,0x0000000089500000)
 Metaspace       used 15667K, capacity 16344K, committed 16640K, reserved 1062912K
  class space    used 2006K, capacity 2182K, committed 2304K, reserved 1048576K
Event: 1.424 GC heap after
Heap after GC invocations=2 (full 0):
 PSYoungGen      total 36864K, used 5114K [0x00000000d6b80000, 0x00000000db380000, 0x0000000100000000)
  eden space 31744K, 0% used [0x00000000d6b80000,0x00000000d6b80000,0x00000000d8a80000)
  from space 5120K, 99% used [0x00000000d8f80000,0x00000000d947e948,0x00000000d9480000)
  to   space 5120K, 0% used [0x00000000d8a80000,0x00000000d8a80000,0x00000000d8f80000)
 ParOldGen       total 84992K, used 1189K [0x0000000084200000, 0x0000000089500000, 0x00000000d6b80000)
  object space 84992K, 1% used [0x0000000084200000,0x00000000843297e8,0x0000000089500000)
 Metaspace       used 15667K, capacity 16344K, committed 16640K, reserved 1062912K
  class space    used 2006K, capacity 2182K, committed 2304K, reserved 1048576K
}
Event: 1.636 GC heap before
{Heap before GC invocations=3 (full 0):
 PSYoungGen      total 36864K, used 36858K [0x00000000d6b80000, 0x00000000db380000, 0x0000000100000000)
  eden space 31744K, 100% used [0x00000000d6b80000,0x00000000d8a80000,0x00000000d8a80000)
  from space 5120K, 99% used [0x00000000d8f80000,0x00000000d947e948,0x00000000d9480000)
  to   space 5120K, 0% used [0x00000000d8a80000,0x00000000d8a80000,0x00000000d8f80000)
 ParOldGen       total 84992K, used 1189K [0x0000000084200000, 0x0000000089500000, 0x00000000d6b80000)
  object space 84992K, 1% used [0x0000000084200000,0x00000000843297e8,0x0000000089500000)
 Metaspace       used 19363K, capacity 20228K, committed 20480K, reserved 1067008K
  class space    used 2476K, capacity 2690K, committed 2816K, reserved 1048576K
Event: 1.644 GC heap after
Heap after GC invocations=3 (full 0):
 PSYoungGen      total 36864K, used 5089K [0x00000000d6b80000, 0x00000000db380000, 0x0000000100000000)
  eden space 31744K, 0% used [0x00000000d6b80000,0x00000000d6b80000,0x00000000d8a80000)
  from space 5120K, 99% used [0x00000000d8a80000,0x00000000d8f78448,0x00000000d8f80000)
  to   space 5120K, 0% used [0x00000000dae80000,0x00000000dae80000,0x00000000db380000)
 ParOldGen       total 84992K, used 3985K [0x0000000084200000, 0x0000000089500000, 0x00000000d6b80000)
  object space 84992K, 4% used [0x0000000084200000,0x00000000845e4720,0x0000000089500000)
 Metaspace       used 19363K, capacity 20228K, committed 20480K, reserved 1067008K
  class space    used 2476K, capacity 2690K, committed 2816K, reserved 1048576K
}
Event: 1.821 GC heap before
{Heap before GC invocations=4 (full 0):
 PSYoungGen      total 36864K, used 24823K [0x00000000d6b80000, 0x00000000db380000, 0x0000000100000000)
  eden space 31744K, 62% used [0x00000000d6b80000,0x00000000d7ec5978,0x00000000d8a80000)
  from space 5120K, 99% used [0x00000000d8a80000,0x00000000d8f78448,0x00000000d8f80000)
  to   space 5120K, 0% used [0x00000000dae80000,0x00000000dae80000,0x00000000db380000)
 ParOldGen       total 84992K, used 3985K [0x0000000084200000, 0x0000000089500000, 0x00000000d6b80000)
  object space 84992K, 4% used [0x0000000084200000,0x00000000845e4720,0x0000000089500000)
 Metaspace       used 20292K, capacity 21206K, committed 21296K, reserved 1067008K
  class space    used 2619K, capacity 2829K, committed 2864K, reserved 1048576K
Event: 1.831 GC heap after
Heap after GC invocations=4 (full 0):
 PSYoungGen      total 68608K, used 5093K [0x00000000d6b80000, 0x00000000db380000, 0x0000000100000000)
  eden space 63488K, 0% used [0x00000000d6b80000,0x00000000d6b80000,0x00000000da980000)
  from space 5120K, 99% used [0x00000000dae80000,0x00000000db379638,0x00000000db380000)
  to   space 5120K, 0% used [0x00000000da980000,0x00000000da980000,0x00000000dae80000)
 ParOldGen       total 84992K, used 6119K [0x0000000084200000, 0x0000000089500000, 0x00000000d6b80000)
  object space 84992K, 7% used [0x0000000084200000,0x00000000847f9fa0,0x0000000089500000)
 Metaspace       used 20292K, capacity 21206K, committed 21296K, reserved 1067008K
  class space    used 2619K, capacity 2829K, committed 2864K, reserved 1048576K
}
Event: 1.831 GC heap before
{Heap before GC invocations=5 (full 1):
 PSYoungGen      total 68608K, used 5093K [0x00000000d6b80000, 0x00000000db380000, 0x0000000100000000)
  eden space 63488K, 0% used [0x00000000d6b80000,0x00000000d6b80000,0x00000000da980000)
  from space 5120K, 99% used [0x00000000dae80000,0x00000000db379638,0x00000000db380000)
  to   space 5120K, 0% used [0x00000000da980000,0x00000000da980000,0x00000000dae80000)
 ParOldGen       total 84992K, used 6119K [0x0000000084200000, 0x0000000089500000, 0x00000000d6b80000)
  object space 84992K, 7% used [0x0000000084200000,0x00000000847f9fa0,0x0000000089500000)
 Metaspace       used 20292K, capacity 21206K, committed 21296K, reserved 1067008K
  class space    used 2619K, capacity 2829K, committed 2864K, reserved 1048576K
Event: 1.874 GC heap after
Heap after GC invocations=5 (full 1):
 PSYoungGen      total 68608K, used 0K [0x00000000d6b80000, 0x00000000db380000, 0x0000000100000000)
  eden space 63488K, 0% used [0x00000000d6b80000,0x00000000d6b80000,0x00000000da980000)
  from space 5120K, 0% used [0x00000000dae80000,0x00000000dae80000,0x00000000db380000)
  to   space 5120K, 0% used [0x00000000da980000,0x00000000da980000,0x00000000dae80000)
 ParOldGen       total 56832K, used 7135K [0x0000000084200000, 0x0000000087980000, 0x00000000d6b80000)
  object space 56832K, 12% used [0x0000000084200000,0x00000000848f7fa8,0x0000000087980000)
 Metaspace       used 20292K, capacity 21206K, committed 21296K, reserved 1067008K
  class space    used 2619K, capacity 2829K, committed 2864K, reserved 1048576K
}
Event: 2.709 GC heap before
{Heap before GC invocations=6 (full 1):
 PSYoungGen      total 68608K, used 63488K [0x00000000d6b80000, 0x00000000db380000, 0x0000000100000000)
  eden space 63488K, 100% used [0x00000000d6b80000,0x00000000da980000,0x00000000da980000)
  from space 5120K, 0% used [0x00000000dae80000,0x00000000dae80000,0x00000000db380000)
  to   space 5120K, 0% used [0x00000000da980000,0x00000000da980000,0x00000000dae80000)
 ParOldGen       total 56832K, used 7135K [0x0000000084200000, 0x0000000087980000, 0x00000000d6b80000)
  object space 56832K, 12% used [0x0000000084200000,0x00000000848f7fa8,0x0000000087980000)
 Metaspace       used 26838K, capacity 28566K, committed 28720K, reserved 1075200K
  class space    used 3505K, capacity 3829K, committed 3888K, reserved 1048576K
Event: 2.719 GC heap after
Heap after GC invocations=6 (full 1):
 PSYoungGen      total 68608K, used 5093K [0x00000000d6b80000, 0x00000000ddd80000, 0x0000000100000000)
  eden space 63488K, 0% used [0x00000000d6b80000,0x00000000d6b80000,0x00000000da980000)
  from space 5120K, 99% used [0x00000000da980000,0x00000000dae797a8,0x00000000dae80000)
  to   space 10240K, 0% used [0x00000000dd380000,0x00000000dd380000,0x00000000ddd80000)
 ParOldGen       total 56832K, used 10411K [0x0000000084200000, 0x0000000087980000, 0x00000000d6b80000)
  object space 56832K, 18% used [0x0000000084200000,0x0000000084c2af20,0x0000000087980000)
 Metaspace       used 26838K, capacity 28566K, committed 28720K, reserved 1075200K
  class space    used 3505K, capacity 3829K, committed 3888K, reserved 1048576K
}

