# JRE version: OpenJDK Runtime Environment (8.0_362-b09) (build 1.8.0_362-8u372-ga~us1-0ubuntu1~18.04-b09)
# Java VM: OpenJDK 64-Bit Server VM (25.362-b09 mixed mode linux-amd64 compressed oops)
Heap:
 PSYoungGen      total 118784K, used 65481K [0x00000000d6b80000, 0x00000000df800000, 0x0000000100000000)
  eden space 111104K, 52% used [0x00000000d6b80000,0x00000000da41dcf8,0x00000000dd800000)
  from space 7680K, 97% used [0x00000000df080000,0x00000000df7d47b8,0x00000000df800000)
  to   space 9728K, 0% used [0x00000000de500000,0x00000000de500000,0x00000000dee80000)
 ParOldGen       total 49664K, used 6250K [0x0000000084200000, 0x0000000087280000, 0x00000000d6b80000)
  object space 49664K, 12% used [0x0000000084200000,0x000000008481a858,0x0000000087280000)
 Metaspace       used 30058K, capacity 32130K, committed 32304K, reserved 1077248K
  class space    used 3971K, capacity 4343K, committed 4400K, reserved 1048576K
GC Heap History (10 events):
Event: 2.955 GC heap before
{Heap before GC invocations=3 (full 0):
 PSYoungGen      total 36864K, used 36838K [0x00000000d6b80000, 0x00000000db380000, 0x0000000100000000)
  eden space 31744K, 100% used [0x00000000d6b80000,0x00000000d8a80000,0x00000000d8a80000)
  from space 5120K, 99% used [0x00000000d8f80000,0x00000000d9479b88,0x00000000d9480000)
  to   space 5120K, 0% used [0x00000000d8a80000,0x00000000d8a80000,0x00000000d8f80000)
 ParOldGen       total 84992K, used 774K [0x0000000084200000, 0x0000000089500000, 0x00000000d6b80000)
  object space 84992K, 0% used [0x0000000084200000,0x00000000842c1b88,0x0000000089500000)
 Metaspace       used 18093K, capacity 18870K, committed 19200K, reserved 1067008K
  class space    used 2285K, capacity 2477K, committed 2560K, reserved 1048576K
Event: 2.966 GC heap after
Heap after GC invocations=3 (full 0):
 PSYoungGen      total 36864K, used 5092K [0x00000000d6b80000, 0x00000000db380000, 0x0000000100000000)
  eden space 31744K, 0% used [0x00000000d6b80000,0x00000000d6b80000,0x00000000d8a80000)
  from space 5120K, 99% used [0x00000000d8a80000,0x00000000d8f793b8,0x00000000d8f80000)
  to   space 5120K, 0% used [0x00000000dae80000,0x00000000dae80000,0x00000000db380000)
 ParOldGen       total 84992K, used 2902K [0x0000000084200000, 0x0000000089500000, 0x00000000d6b80000)
  object space 84992K, 3% used [0x0000000084200000,0x00000000844d58f8,0x0000000089500000)
 Metaspace       used 18093K, capacity 18870K, committed 19200K, reserved 1067008K
  class space    used 2285K, capacity 2477K, committed 2560K, reserved 1048576K
}
Event: 3.542 GC heap before
{Heap before GC invocations=4 (full 0):
 PSYoungGen      total 36864K, used 36836K [0x00000000d6b80000, 0x00000000db380000, 0x0000000100000000)
  eden space 31744K, 100% used [0x00000000d6b80000,0x00000000d8a80000,0x00000000d8a80000)
  from space 5120K, 99% used [0x00000000d8a80000,0x00000000d8f793b8,0x00000000d8f80000)
  to   space 5120K, 0% used [0x00000000dae80000,0x00000000dae80000,0x00000000db380000)
 ParOldGen       total 84992K, used 2902K [0x0000000084200000, 0x0000000089500000, 0x00000000d6b80000)
  object space 84992K, 3% used [0x0000000084200000,0x00000000844d58f8,0x0000000089500000)
 Metaspace       used 20261K, capacity 21180K, committed 21296K, reserved 1067008K
  class space    used 2606K, capacity 2826K, committed 2864K, reserved 1048576K
Event: 3.562 GC heap after
Heap after GC invocations=4 (full 0):
 PSYoungGen      total 68608K, used 5109K [0x00000000d6b80000, 0x00000000db380000, 0x0000000100000000)
  eden space 63488K, 0% used [0x00000000d6b80000,0x00000000d6b80000,0x00000000da980000)
  from space 5120K, 99% used [0x00000000dae80000,0x00000000db37d648,0x00000000db380000)
  to   space 5120K, 0% used [0x00000000da980000,0x00000000da980000,0x00000000dae80000)
 ParOldGen       total 84992K, used 5597K [0x0000000084200000, 0x0000000089500000, 0x00000000d6b80000)
  object space 84992K, 6% used [0x0000000084200000,0x0000000084777638,0x0000000089500000)
 Metaspace       used 20261K, capacity 21180K, committed 21296K, reserved 1067008K
  class space    used 2606K, capacity 2826K, committed 2864K, reserved 1048576K
}
Event: 3.702 GC heap before
{Heap before GC invocations=5 (full 0):
 PSYoungGen      total 68608K, used 13835K [0x00000000d6b80000, 0x00000000db380000, 0x0000000100000000)
  eden space 63488K, 13% used [0x00000000d6b80000,0x00000000d7405788,0x00000000da980000)
  from space 5120K, 99% used [0x00000000dae80000,0x00000000db37d648,0x00000000db380000)
  to   space 5120K, 0% used [0x00000000da980000,0x00000000da980000,0x00000000dae80000)
 ParOldGen       total 84992K, used 5597K [0x0000000084200000, 0x0000000089500000, 0x00000000d6b80000)
  object space 84992K, 6% used [0x0000000084200000,0x0000000084777638,0x0000000089500000)
 Metaspace       used 20357K, capacity 21258K, committed 21296K, reserved 1067008K
  class space    used 2623K, capacity 2829K, committed 2864K, reserved 1048576K
Event: 3.714 GC heap after
Heap after GC invocations=5 (full 0):
 PSYoungGen      total 68608K, used 5093K [0x00000000d6b80000, 0x00000000df980000, 0x0000000100000000)
  eden space 63488K, 0% used [0x00000000d6b80000,0x00000000d6b80000,0x00000000da980000)
  from space 5120K, 99% used [0x00000000da980000,0x00000000dae79638,0x00000000dae80000)
  to   space 9216K, 0% used [0x00000000df080000,0x00000000df080000,0x00000000df980000)
 ParOldGen       total 84992K, used 6252K [0x0000000084200000, 0x0000000089500000, 0x00000000d6b80000)
  object space 84992K, 7% used [0x0000000084200000,0x000000008481b040,0x0000000089500000)
 Metaspace       used 20357K, capacity 21258K, committed 21296K, reserved 1067008K
  class space    used 2623K, capacity 2829K, committed 2864K, reserved 1048576K
}
Event: 3.714 GC heap before
{Heap before GC invocations=6 (full 1):
 PSYoungGen      total 68608K, used 5093K [0x00000000d6b80000, 0x00000000df980000, 0x0000000100000000)
  eden space 63488K, 0% used [0x00000000d6b80000,0x00000000d6b80000,0x00000000da980000)
  from space 5120K, 99% used [0x00000000da980000,0x00000000dae79638,0x00000000dae80000)
  to   space 9216K, 0% used [0x00000000df080000,0x00000000df080000,0x00000000df980000)
 ParOldGen       total 84992K, used 6252K [0x0000000084200000, 0x0000000089500000, 0x00000000d6b80000)
  object space 84992K, 7% used [0x0000000084200000,0x000000008481b040,0x0000000089500000)
 Metaspace       used 20357K, capacity 21258K, committed 21296K, reserved 1067008K
  class space    used 2623K, capacity 2829K, committed 2864K, reserved 1048576K
Event: 3.761 GC heap after
Heap after GC invocations=6 (full 1):
 PSYoungGen      total 68608K, used 0K [0x00000000d6b80000, 0x00000000df980000, 0x0000000100000000)
  eden space 63488K, 0% used [0x00000000d6b80000,0x00000000d6b80000,0x00000000da980000)
  from space 5120K, 0% used [0x00000000da980000,0x00000000da980000,0x00000000dae80000)
  to   space 9216K, 0% used [0x00000000df080000,0x00000000df080000,0x00000000df980000)
 ParOldGen       total 49664K, used 6242K [0x0000000084200000, 0x0000000087280000, 0x00000000d6b80000)
  object space 49664K, 12% used [0x0000000084200000,0x0000000084818858,0x0000000087280000)
 Metaspace       used 20357K, capacity 21258K, committed 21296K, reserved 1067008K
  class space    used 2623K, capacity 2829K, committed 2864K, reserved 1048576K
}
Event: 4.856 GC heap before
{Heap before GC invocations=7 (full 1):
 PSYoungGen      total 68608K, used 63488K [0x00000000d6b80000, 0x00000000df980000, 0x0000000100000000)
  eden space 63488K, 100% used [0x00000000d6b80000,0x00000000da980000,0x00000000da980000)
  from space 5120K, 0% used [0x00000000da980000,0x00000000da980000,0x00000000dae80000)
  to   space 9216K, 0% used [0x00000000df080000,0x00000000df080000,0x00000000df980000)
 ParOldGen       total 49664K, used 6242K [0x0000000084200000, 0x0000000087280000, 0x00000000d6b80000)
  object space 49664K, 12% used [0x0000000084200000,0x0000000084818858,0x0000000087280000)
 Metaspace       used 25629K, capacity 27200K, committed 27568K, reserved 1073152K
  class space    used 3352K, capacity 3650K, committed 3760K, reserved 1048576K
Event: 4.891 GC heap after
Heap after GC invocations=7 (full 1):
 PSYoungGen      total 118784K, used 7505K [0x00000000d6b80000, 0x00000000df800000, 0x0000000100000000)
  eden space 111104K, 0% used [0x00000000d6b80000,0x00000000d6b80000,0x00000000dd800000)
  from space 7680K, 97% used [0x00000000df080000,0x00000000df7d47b8,0x00000000df800000)
  to   space 9728K, 0% used [0x00000000de500000,0x00000000de500000,0x00000000dee80000)
 ParOldGen       total 49664K, used 6250K [0x0000000084200000, 0x0000000087280000, 0x00000000d6b80000)
  object space 49664K, 12% used [0x0000000084200000,0x000000008481a858,0x0000000087280000)
 Metaspace       used 25629K, capacity 27200K, committed 27568K, reserved 1073152K
  class space    used 3352K, capacity 3650K, committed 3760K, reserved 1048576K
}

