# JRE version: OpenJDK Runtime Environment (8.0_362-b09) (build 1.8.0_362-8u372-ga~us1-0ubuntu1~18.04-b09)
# Java VM: OpenJDK 64-Bit Server VM (25.362-b09 mixed mode linux-amd64 compressed oops)
Heap:
 PSYoungGen      total 132096K, used 110402K [0x00000000d6b80000, 0x00000000df180000, 0x0000000100000000)
  eden space 126976K, 86% used [0x00000000d6b80000,0x00000000dd7509f0,0x00000000de780000)
  from space 5120K, 0% used [0x00000000dec80000,0x00000000dec80000,0x00000000df180000)
  to   space 5120K, 0% used [0x00000000de780000,0x00000000de780000,0x00000000dec80000)
 ParOldGen       total 54784K, used 6012K [0x0000000084200000, 0x0000000087780000, 0x00000000d6b80000)
  object space 54784K, 10% used [0x0000000084200000,0x00000000847df318,0x0000000087780000)
 Metaspace       used 29488K, capacity 31612K, committed 31744K, reserved 1077248K
  class space    used 3946K, capacity 4342K, committed 4352K, reserved 1048576K
GC Heap History (10 events):
Event: 0.431 GC heap before
{Heap before GC invocations=1 (full 0):
 PSYoungGen      total 36864K, used 31744K [0x00000000d6b80000, 0x00000000d9480000, 0x0000000100000000)
  eden space 31744K, 100% used [0x00000000d6b80000,0x00000000d8a80000,0x00000000d8a80000)
  from space 5120K, 0% used [0x00000000d8f80000,0x00000000d8f80000,0x00000000d9480000)
  to   space 5120K, 0% used [0x00000000d8a80000,0x00000000d8a80000,0x00000000d8f80000)
 ParOldGen       total 84992K, used 0K [0x0000000084200000, 0x0000000089500000, 0x00000000d6b80000)
  object space 84992K, 0% used [0x0000000084200000,0x0000000084200000,0x0000000089500000)
 Metaspace       used 11304K, capacity 11564K, committed 11776K, reserved 1058816K
  class space    used 1380K, capacity 1462K, committed 1536K, reserved 1048576K
Event: 0.438 GC heap after
Heap after GC invocations=1 (full 0):
 PSYoungGen      total 36864K, used 4433K [0x00000000d6b80000, 0x00000000db380000, 0x0000000100000000)
  eden space 31744K, 0% used [0x00000000d6b80000,0x00000000d6b80000,0x00000000d8a80000)
  from space 5120K, 86% used [0x00000000d8a80000,0x00000000d8ed46f8,0x00000000d8f80000)
  to   space 5120K, 0% used [0x00000000dae80000,0x00000000dae80000,0x00000000db380000)
 ParOldGen       total 84992K, used 8K [0x0000000084200000, 0x0000000089500000, 0x00000000d6b80000)
  object space 84992K, 0% used [0x0000000084200000,0x0000000084202000,0x0000000089500000)
 Metaspace       used 11304K, capacity 11564K, committed 11776K, reserved 1058816K
  class space    used 1380K, capacity 1462K, committed 1536K, reserved 1048576K
}
Event: 0.640 GC heap before
{Heap before GC invocations=2 (full 0):
 PSYoungGen      total 36864K, used 36177K [0x00000000d6b80000, 0x00000000db380000, 0x0000000100000000)
  eden space 31744K, 100% used [0x00000000d6b80000,0x00000000d8a80000,0x00000000d8a80000)
  from space 5120K, 86% used [0x00000000d8a80000,0x00000000d8ed46f8,0x00000000d8f80000)
  to   space 5120K, 0% used [0x00000000dae80000,0x00000000dae80000,0x00000000db380000)
 ParOldGen       total 84992K, used 8K [0x0000000084200000, 0x0000000089500000, 0x00000000d6b80000)
  object space 84992K, 0% used [0x0000000084200000,0x0000000084202000,0x0000000089500000)
 Metaspace       used 15055K, capacity 15706K, committed 16000K, reserved 1062912K
  class space    used 1936K, capacity 2103K, committed 2176K, reserved 1048576K
Event: 0.647 GC heap after
Heap after GC invocations=2 (full 0):
 PSYoungGen      total 68608K, used 5114K [0x00000000d6b80000, 0x00000000db380000, 0x0000000100000000)
  eden space 63488K, 0% used [0x00000000d6b80000,0x00000000d6b80000,0x00000000da980000)
  from space 5120K, 99% used [0x00000000dae80000,0x00000000db37eb78,0x00000000db380000)
  to   space 5120K, 0% used [0x00000000da980000,0x00000000da980000,0x00000000dae80000)
 ParOldGen       total 84992K, used 997K [0x0000000084200000, 0x0000000089500000, 0x00000000d6b80000)
  object space 84992K, 1% used [0x0000000084200000,0x00000000842f95a0,0x0000000089500000)
 Metaspace       used 15055K, capacity 15706K, committed 16000K, reserved 1062912K
  class space    used 1936K, capacity 2103K, committed 2176K, reserved 1048576K
}
Event: 1.032 GC heap before
{Heap before GC invocations=3 (full 0):
 PSYoungGen      total 68608K, used 68602K [0x00000000d6b80000, 0x00000000db380000, 0x0000000100000000)
  eden space 63488K, 100% used [0x00000000d6b80000,0x00000000da980000,0x00000000da980000)
  from space 5120K, 99% used [0x00000000dae80000,0x00000000db37eb78,0x00000000db380000)
  to   space 5120K, 0% used [0x00000000da980000,0x00000000da980000,0x00000000dae80000)
 ParOldGen       total 84992K, used 997K [0x0000000084200000, 0x0000000089500000, 0x00000000d6b80000)
  object space 84992K, 1% used [0x0000000084200000,0x00000000842f95a0,0x0000000089500000)
 Metaspace       used 19718K, capacity 20642K, committed 20864K, reserved 1067008K
  class space    used 2581K, capacity 2821K, committed 2944K, reserved 1048576K
Event: 1.043 GC heap after
Heap after GC invocations=3 (full 0):
 PSYoungGen      total 68608K, used 5109K [0x00000000d6b80000, 0x00000000df180000, 0x0000000100000000)
  eden space 63488K, 0% used [0x00000000d6b80000,0x00000000d6b80000,0x00000000da980000)
  from space 5120K, 99% used [0x00000000da980000,0x00000000dae7d668,0x00000000dae80000)
  to   space 5120K, 0% used [0x00000000dec80000,0x00000000dec80000,0x00000000df180000)
 ParOldGen       total 84992K, used 5919K [0x0000000084200000, 0x0000000089500000, 0x00000000d6b80000)
  object space 84992K, 6% used [0x0000000084200000,0x00000000847c7e60,0x0000000089500000)
 Metaspace       used 19718K, capacity 20642K, committed 20864K, reserved 1067008K
  class space    used 2581K, capacity 2821K, committed 2944K, reserved 1048576K
}
Event: 1.089 GC heap before
{Heap before GC invocations=4 (full 0):
 PSYoungGen      total 68608K, used 14588K [0x00000000d6b80000, 0x00000000df180000, 0x0000000100000000)
  eden space 63488K, 14% used [0x00000000d6b80000,0x00000000d74c1a20,0x00000000da980000)
  from space 5120K, 99% used [0x00000000da980000,0x00000000dae7d668,0x00000000dae80000)
  to   space 5120K, 0% used [0x00000000dec80000,0x00000000dec80000,0x00000000df180000)
 ParOldGen       total 84992K, used 5919K [0x0000000084200000, 0x0000000089500000, 0x00000000d6b80000)
  object space 84992K, 6% used [0x0000000084200000,0x00000000847c7e60,0x0000000089500000)
 Metaspace       used 20287K, capacity 21206K, committed 21296K, reserved 1067008K
  class space    used 2645K, capacity 2857K, committed 2944K, reserved 1048576K
Event: 1.096 GC heap after
Heap after GC invocations=4 (full 0):
 PSYoungGen      total 132096K, used 5093K [0x00000000d6b80000, 0x00000000df180000, 0x0000000100000000)
  eden space 126976K, 0% used [0x00000000d6b80000,0x00000000d6b80000,0x00000000de780000)
  from space 5120K, 99% used [0x00000000dec80000,0x00000000df179658,0x00000000df180000)
  to   space 5120K, 0% used [0x00000000de780000,0x00000000de780000,0x00000000dec80000)
 ParOldGen       total 84992K, used 6723K [0x0000000084200000, 0x0000000089500000, 0x00000000d6b80000)
  object space 84992K, 7% used [0x0000000084200000,0x0000000084890fc8,0x0000000089500000)
 Metaspace       used 20287K, capacity 21206K, committed 21296K, reserved 1067008K
  class space    used 2645K, capacity 2857K, committed 2944K, reserved 1048576K
}
Event: 1.096 GC heap before
{Heap before GC invocations=5 (full 1):
 PSYoungGen      total 132096K, used 5093K [0x00000000d6b80000, 0x00000000df180000, 0x0000000100000000)
  eden space 126976K, 0% used [0x00000000d6b80000,0x00000000d6b80000,0x00000000de780000)
  from space 5120K, 99% used [0x00000000dec80000,0x00000000df179658,0x00000000df180000)
  to   space 5120K, 0% used [0x00000000de780000,0x00000000de780000,0x00000000dec80000)
 ParOldGen       total 84992K, used 6723K [0x0000000084200000, 0x0000000089500000, 0x00000000d6b80000)
  object space 84992K, 7% used [0x0000000084200000,0x0000000084890fc8,0x0000000089500000)
 Metaspace       used 20287K, capacity 21206K, committed 21296K, reserved 1067008K
  class space    used 2645K, capacity 2857K, committed 2944K, reserved 1048576K
Event: 1.133 GC heap after
Heap after GC invocations=5 (full 1):
 PSYoungGen      total 132096K, used 0K [0x00000000d6b80000, 0x00000000df180000, 0x0000000100000000)
  eden space 126976K, 0% used [0x00000000d6b80000,0x00000000d6b80000,0x00000000de780000)
  from space 5120K, 0% used [0x00000000dec80000,0x00000000dec80000,0x00000000df180000)
  to   space 5120K, 0% used [0x00000000de780000,0x00000000de780000,0x00000000dec80000)
 ParOldGen       total 54784K, used 6012K [0x0000000084200000, 0x0000000087780000, 0x00000000d6b80000)
  object space 54784K, 10% used [0x0000000084200000,0x00000000847df318,0x0000000087780000)
 Metaspace       used 20287K, capacity 21206K, committed 21296K, reserved 1067008K
  class space    used 2645K, capacity 2857K, committed 2944K, reserved 1048576K
}

