# JRE version: OpenJDK Runtime Environment (8.0_362-b09) (build 1.8.0_362-8u372-ga~us1-0ubuntu1~18.04-b09)
# Java VM: OpenJDK 64-Bit Server VM (25.362-b09 mixed mode linux-amd64 compressed oops)
Heap:
 PSYoungGen      total 132096K, used 109670K [0x00000000d6b80000, 0x00000000df180000, 0x0000000100000000)
  eden space 126976K, 86% used [0x00000000d6b80000,0x00000000dd699a58,0x00000000de780000)
  from space 5120K, 0% used [0x00000000dec80000,0x00000000dec80000,0x00000000df180000)
  to   space 5120K, 0% used [0x00000000de780000,0x00000000de780000,0x00000000dec80000)
 ParOldGen       total 54784K, used 6061K [0x0000000084200000, 0x0000000087780000, 0x00000000d6b80000)
  object space 54784K, 11% used [0x0000000084200000,0x00000000847eb608,0x0000000087780000)
 Metaspace       used 29480K, capacity 31622K, committed 31744K, reserved 1077248K
  class space    used 3950K, capacity 4343K, committed 4352K, reserved 1048576K
GC Heap History (10 events):
Event: 0.440 GC heap before
{Heap before GC invocations=1 (full 0):
 PSYoungGen      total 36864K, used 31744K [0x00000000d6b80000, 0x00000000d9480000, 0x0000000100000000)
  eden space 31744K, 100% used [0x00000000d6b80000,0x00000000d8a80000,0x00000000d8a80000)
  from space 5120K, 0% used [0x00000000d8f80000,0x00000000d8f80000,0x00000000d9480000)
  to   space 5120K, 0% used [0x00000000d8a80000,0x00000000d8a80000,0x00000000d8f80000)
 ParOldGen       total 84992K, used 0K [0x0000000084200000, 0x0000000089500000, 0x00000000d6b80000)
  object space 84992K, 0% used [0x0000000084200000,0x0000000084200000,0x0000000089500000)
 Metaspace       used 11279K, capacity 11564K, committed 11776K, reserved 1058816K
  class space    used 1381K, capacity 1462K, committed 1536K, reserved 1048576K
Event: 0.445 GC heap after
Heap after GC invocations=1 (full 0):
 PSYoungGen      total 36864K, used 4385K [0x00000000d6b80000, 0x00000000db380000, 0x0000000100000000)
  eden space 31744K, 0% used [0x00000000d6b80000,0x00000000d6b80000,0x00000000d8a80000)
  from space 5120K, 85% used [0x00000000d8a80000,0x00000000d8ec86c8,0x00000000d8f80000)
  to   space 5120K, 0% used [0x00000000dae80000,0x00000000dae80000,0x00000000db380000)
 ParOldGen       total 84992K, used 16K [0x0000000084200000, 0x0000000089500000, 0x00000000d6b80000)
  object space 84992K, 0% used [0x0000000084200000,0x0000000084204000,0x0000000089500000)
 Metaspace       used 11279K, capacity 11564K, committed 11776K, reserved 1058816K
  class space    used 1381K, capacity 1462K, committed 1536K, reserved 1048576K
}
Event: 0.648 GC heap before
{Heap before GC invocations=2 (full 0):
 PSYoungGen      total 36864K, used 36129K [0x00000000d6b80000, 0x00000000db380000, 0x0000000100000000)
  eden space 31744K, 100% used [0x00000000d6b80000,0x00000000d8a80000,0x00000000d8a80000)
  from space 5120K, 85% used [0x00000000d8a80000,0x00000000d8ec86c8,0x00000000d8f80000)
  to   space 5120K, 0% used [0x00000000dae80000,0x00000000dae80000,0x00000000db380000)
 ParOldGen       total 84992K, used 16K [0x0000000084200000, 0x0000000089500000, 0x00000000d6b80000)
  object space 84992K, 0% used [0x0000000084200000,0x0000000084204000,0x0000000089500000)
 Metaspace       used 14977K, capacity 15650K, committed 15744K, reserved 1062912K
  class space    used 1936K, capacity 2105K, committed 2176K, reserved 1048576K
Event: 0.654 GC heap after
Heap after GC invocations=2 (full 0):
 PSYoungGen      total 68608K, used 5099K [0x00000000d6b80000, 0x00000000db380000, 0x0000000100000000)
  eden space 63488K, 0% used [0x00000000d6b80000,0x00000000d6b80000,0x00000000da980000)
  from space 5120K, 99% used [0x00000000dae80000,0x00000000db37ac70,0x00000000db380000)
  to   space 5120K, 0% used [0x00000000da980000,0x00000000da980000,0x00000000dae80000)
 ParOldGen       total 84992K, used 977K [0x0000000084200000, 0x0000000089500000, 0x00000000d6b80000)
  object space 84992K, 1% used [0x0000000084200000,0x00000000842f4580,0x0000000089500000)
 Metaspace       used 14977K, capacity 15650K, committed 15744K, reserved 1062912K
  class space    used 1936K, capacity 2105K, committed 2176K, reserved 1048576K
}
Event: 1.058 GC heap before
{Heap before GC invocations=3 (full 0):
 PSYoungGen      total 68608K, used 68587K [0x00000000d6b80000, 0x00000000db380000, 0x0000000100000000)
  eden space 63488K, 100% used [0x00000000d6b80000,0x00000000da980000,0x00000000da980000)
  from space 5120K, 99% used [0x00000000dae80000,0x00000000db37ac70,0x00000000db380000)
  to   space 5120K, 0% used [0x00000000da980000,0x00000000da980000,0x00000000dae80000)
 ParOldGen       total 84992K, used 977K [0x0000000084200000, 0x0000000089500000, 0x00000000d6b80000)
  object space 84992K, 1% used [0x0000000084200000,0x00000000842f4580,0x0000000089500000)
 Metaspace       used 19686K, capacity 20638K, committed 20864K, reserved 1067008K
  class space    used 2580K, capacity 2821K, committed 2944K, reserved 1048576K
Event: 1.076 GC heap after
Heap after GC invocations=3 (full 0):
 PSYoungGen      total 68608K, used 5094K [0x00000000d6b80000, 0x00000000df180000, 0x0000000100000000)
  eden space 63488K, 0% used [0x00000000d6b80000,0x00000000d6b80000,0x00000000da980000)
  from space 5120K, 99% used [0x00000000da980000,0x00000000dae79810,0x00000000dae80000)
  to   space 5120K, 0% used [0x00000000dec80000,0x00000000dec80000,0x00000000df180000)
 ParOldGen       total 84992K, used 5947K [0x0000000084200000, 0x0000000089500000, 0x00000000d6b80000)
  object space 84992K, 6% used [0x0000000084200000,0x00000000847cec28,0x0000000089500000)
 Metaspace       used 19686K, capacity 20638K, committed 20864K, reserved 1067008K
  class space    used 2580K, capacity 2821K, committed 2944K, reserved 1048576K
}
Event: 1.150 GC heap before
{Heap before GC invocations=4 (full 0):
 PSYoungGen      total 68608K, used 14518K [0x00000000d6b80000, 0x00000000df180000, 0x0000000100000000)
  eden space 63488K, 14% used [0x00000000d6b80000,0x00000000d74b4208,0x00000000da980000)
  from space 5120K, 99% used [0x00000000da980000,0x00000000dae79810,0x00000000dae80000)
  to   space 5120K, 0% used [0x00000000dec80000,0x00000000dec80000,0x00000000df180000)
 ParOldGen       total 84992K, used 5947K [0x0000000084200000, 0x0000000089500000, 0x00000000d6b80000)
  object space 84992K, 6% used [0x0000000084200000,0x00000000847cec28,0x0000000089500000)
 Metaspace       used 20264K, capacity 21180K, committed 21296K, reserved 1067008K
  class space    used 2659K, capacity 2890K, committed 2944K, reserved 1048576K
Event: 1.159 GC heap after
Heap after GC invocations=4 (full 0):
 PSYoungGen      total 132096K, used 5104K [0x00000000d6b80000, 0x00000000df180000, 0x0000000100000000)
  eden space 126976K, 0% used [0x00000000d6b80000,0x00000000d6b80000,0x00000000de780000)
  from space 5120K, 99% used [0x00000000dec80000,0x00000000df17c1e8,0x00000000df180000)
  to   space 5120K, 0% used [0x00000000de780000,0x00000000de780000,0x00000000dec80000)
 ParOldGen       total 84992K, used 6821K [0x0000000084200000, 0x0000000089500000, 0x00000000d6b80000)
  object space 84992K, 8% used [0x0000000084200000,0x00000000848a9690,0x0000000089500000)
 Metaspace       used 20264K, capacity 21180K, committed 21296K, reserved 1067008K
  class space    used 2659K, capacity 2890K, committed 2944K, reserved 1048576K
}
Event: 1.159 GC heap before
{Heap before GC invocations=5 (full 1):
 PSYoungGen      total 132096K, used 5104K [0x00000000d6b80000, 0x00000000df180000, 0x0000000100000000)
  eden space 126976K, 0% used [0x00000000d6b80000,0x00000000d6b80000,0x00000000de780000)
  from space 5120K, 99% used [0x00000000dec80000,0x00000000df17c1e8,0x00000000df180000)
  to   space 5120K, 0% used [0x00000000de780000,0x00000000de780000,0x00000000dec80000)
 ParOldGen       total 84992K, used 6821K [0x0000000084200000, 0x0000000089500000, 0x00000000d6b80000)
  object space 84992K, 8% used [0x0000000084200000,0x00000000848a9690,0x0000000089500000)
 Metaspace       used 20264K, capacity 21180K, committed 21296K, reserved 1067008K
  class space    used 2659K, capacity 2890K, committed 2944K, reserved 1048576K
Event: 1.190 GC heap after
Heap after GC invocations=5 (full 1):
 PSYoungGen      total 132096K, used 0K [0x00000000d6b80000, 0x00000000df180000, 0x0000000100000000)
  eden space 126976K, 0% used [0x00000000d6b80000,0x00000000d6b80000,0x00000000de780000)
  from space 5120K, 0% used [0x00000000dec80000,0x00000000dec80000,0x00000000df180000)
  to   space 5120K, 0% used [0x00000000de780000,0x00000000de780000,0x00000000dec80000)
 ParOldGen       total 54784K, used 6061K [0x0000000084200000, 0x0000000087780000, 0x00000000d6b80000)
  object space 54784K, 11% used [0x0000000084200000,0x00000000847eb608,0x0000000087780000)
 Metaspace       used 20264K, capacity 21180K, committed 21296K, reserved 1067008K
  class space    used 2659K, capacity 2890K, committed 2944K, reserved 1048576K
}

