# JRE version: OpenJDK Runtime Environment (8.0_362-b09) (build 1.8.0_362-8u372-ga~us1-0ubuntu1~18.04-b09)
# Java VM: OpenJDK 64-Bit Server VM (25.362-b09 mixed mode linux-amd64 compressed oops)
Heap:
 PSYoungGen      total 132096K, used 107029K [0x00000000d6b80000, 0x00000000df180000, 0x0000000100000000)
  eden space 126976K, 84% used [0x00000000d6b80000,0x00000000dd405438,0x00000000de780000)
  from space 5120K, 0% used [0x00000000dec80000,0x00000000dec80000,0x00000000df180000)
  to   space 5120K, 0% used [0x00000000de780000,0x00000000de780000,0x00000000dec80000)
 ParOldGen       total 55808K, used 6028K [0x0000000084200000, 0x0000000087880000, 0x00000000d6b80000)
  object space 55808K, 10% used [0x0000000084200000,0x00000000847e3080,0x0000000087880000)
 Metaspace       used 29499K, capacity 31616K, committed 31744K, reserved 1077248K
  class space    used 3949K, capacity 4342K, committed 4352K, reserved 1048576K
GC Heap History (10 events):
Event: 0.416 GC heap before
{Heap before GC invocations=1 (full 0):
 PSYoungGen      total 36864K, used 31744K [0x00000000d6b80000, 0x00000000d9480000, 0x0000000100000000)
  eden space 31744K, 100% used [0x00000000d6b80000,0x00000000d8a80000,0x00000000d8a80000)
  from space 5120K, 0% used [0x00000000d8f80000,0x00000000d8f80000,0x00000000d9480000)
  to   space 5120K, 0% used [0x00000000d8a80000,0x00000000d8a80000,0x00000000d8f80000)
 ParOldGen       total 84992K, used 0K [0x0000000084200000, 0x0000000089500000, 0x00000000d6b80000)
  object space 84992K, 0% used [0x0000000084200000,0x0000000084200000,0x0000000089500000)
 Metaspace       used 11301K, capacity 11564K, committed 11776K, reserved 1058816K
  class space    used 1381K, capacity 1462K, committed 1536K, reserved 1048576K
Event: 0.425 GC heap after
Heap after GC invocations=1 (full 0):
 PSYoungGen      total 36864K, used 4402K [0x00000000d6b80000, 0x00000000db380000, 0x0000000100000000)
  eden space 31744K, 0% used [0x00000000d6b80000,0x00000000d6b80000,0x00000000d8a80000)
  from space 5120K, 85% used [0x00000000d8a80000,0x00000000d8eccbe8,0x00000000d8f80000)
  to   space 5120K, 0% used [0x00000000dae80000,0x00000000dae80000,0x00000000db380000)
 ParOldGen       total 84992K, used 16K [0x0000000084200000, 0x0000000089500000, 0x00000000d6b80000)
  object space 84992K, 0% used [0x0000000084200000,0x0000000084204000,0x0000000089500000)
 Metaspace       used 11301K, capacity 11564K, committed 11776K, reserved 1058816K
  class space    used 1381K, capacity 1462K, committed 1536K, reserved 1048576K
}
Event: 0.698 GC heap before
{Heap before GC invocations=2 (full 0):
 PSYoungGen      total 36864K, used 36146K [0x00000000d6b80000, 0x00000000db380000, 0x0000000100000000)
  eden space 31744K, 100% used [0x00000000d6b80000,0x00000000d8a80000,0x00000000d8a80000)
  from space 5120K, 85% used [0x00000000d8a80000,0x00000000d8eccbe8,0x00000000d8f80000)
  to   space 5120K, 0% used [0x00000000dae80000,0x00000000dae80000,0x00000000db380000)
 ParOldGen       total 84992K, used 16K [0x0000000084200000, 0x0000000089500000, 0x00000000d6b80000)
  object space 84992K, 0% used [0x0000000084200000,0x0000000084204000,0x0000000089500000)
 Metaspace       used 15113K, capacity 15802K, committed 16000K, reserved 1062912K
  class space    used 1943K, capacity 2135K, committed 2176K, reserved 1048576K
Event: 0.707 GC heap after
Heap after GC invocations=2 (full 0):
 PSYoungGen      total 68608K, used 5101K [0x00000000d6b80000, 0x00000000db380000, 0x0000000100000000)
  eden space 63488K, 0% used [0x00000000d6b80000,0x00000000d6b80000,0x00000000da980000)
  from space 5120K, 99% used [0x00000000dae80000,0x00000000db37b478,0x00000000db380000)
  to   space 5120K, 0% used [0x00000000da980000,0x00000000da980000,0x00000000dae80000)
 ParOldGen       total 84992K, used 1056K [0x0000000084200000, 0x0000000089500000, 0x00000000d6b80000)
  object space 84992K, 1% used [0x0000000084200000,0x0000000084308330,0x0000000089500000)
 Metaspace       used 15113K, capacity 15802K, committed 16000K, reserved 1062912K
  class space    used 1943K, capacity 2135K, committed 2176K, reserved 1048576K
}
Event: 1.129 GC heap before
{Heap before GC invocations=3 (full 0):
 PSYoungGen      total 68608K, used 68589K [0x00000000d6b80000, 0x00000000db380000, 0x0000000100000000)
  eden space 63488K, 100% used [0x00000000d6b80000,0x00000000da980000,0x00000000da980000)
  from space 5120K, 99% used [0x00000000dae80000,0x00000000db37b478,0x00000000db380000)
  to   space 5120K, 0% used [0x00000000da980000,0x00000000da980000,0x00000000dae80000)
 ParOldGen       total 84992K, used 1056K [0x0000000084200000, 0x0000000089500000, 0x00000000d6b80000)
  object space 84992K, 1% used [0x0000000084200000,0x0000000084308330,0x0000000089500000)
 Metaspace       used 19640K, capacity 20544K, committed 20736K, reserved 1067008K
  class space    used 2574K, capacity 2788K, committed 2816K, reserved 1048576K
Event: 1.142 GC heap after
Heap after GC invocations=3 (full 0):
 PSYoungGen      total 68608K, used 5088K [0x00000000d6b80000, 0x00000000df180000, 0x0000000100000000)
  eden space 63488K, 0% used [0x00000000d6b80000,0x00000000d6b80000,0x00000000da980000)
  from space 5120K, 99% used [0x00000000da980000,0x00000000dae781f8,0x00000000dae80000)
  to   space 5120K, 0% used [0x00000000dec80000,0x00000000dec80000,0x00000000df180000)
 ParOldGen       total 84992K, used 5810K [0x0000000084200000, 0x0000000089500000, 0x00000000d6b80000)
  object space 84992K, 6% used [0x0000000084200000,0x00000000847acb98,0x0000000089500000)
 Metaspace       used 19640K, capacity 20544K, committed 20736K, reserved 1067008K
  class space    used 2574K, capacity 2788K, committed 2816K, reserved 1048576K
}
Event: 1.205 GC heap before
{Heap before GC invocations=4 (full 0):
 PSYoungGen      total 68608K, used 13964K [0x00000000d6b80000, 0x00000000df180000, 0x0000000100000000)
  eden space 63488K, 13% used [0x00000000d6b80000,0x00000000d742b1a8,0x00000000da980000)
  from space 5120K, 99% used [0x00000000da980000,0x00000000dae781f8,0x00000000dae80000)
  to   space 5120K, 0% used [0x00000000dec80000,0x00000000dec80000,0x00000000df180000)
 ParOldGen       total 84992K, used 5810K [0x0000000084200000, 0x0000000089500000, 0x00000000d6b80000)
  object space 84992K, 6% used [0x0000000084200000,0x00000000847acb98,0x0000000089500000)
 Metaspace       used 20335K, capacity 21208K, committed 21296K, reserved 1067008K
  class space    used 2656K, capacity 2858K, committed 2944K, reserved 1048576K
Event: 1.214 GC heap after
Heap after GC invocations=4 (full 0):
 PSYoungGen      total 132096K, used 5094K [0x00000000d6b80000, 0x00000000df180000, 0x0000000100000000)
  eden space 126976K, 0% used [0x00000000d6b80000,0x00000000d6b80000,0x00000000de780000)
  from space 5120K, 99% used [0x00000000dec80000,0x00000000df179830,0x00000000df180000)
  to   space 5120K, 0% used [0x00000000de780000,0x00000000de780000,0x00000000dec80000)
 ParOldGen       total 84992K, used 6754K [0x0000000084200000, 0x0000000089500000, 0x00000000d6b80000)
  object space 84992K, 7% used [0x0000000084200000,0x0000000084898a58,0x0000000089500000)
 Metaspace       used 20335K, capacity 21208K, committed 21296K, reserved 1067008K
  class space    used 2656K, capacity 2858K, committed 2944K, reserved 1048576K
}
Event: 1.214 GC heap before
{Heap before GC invocations=5 (full 1):
 PSYoungGen      total 132096K, used 5094K [0x00000000d6b80000, 0x00000000df180000, 0x0000000100000000)
  eden space 126976K, 0% used [0x00000000d6b80000,0x00000000d6b80000,0x00000000de780000)
  from space 5120K, 99% used [0x00000000dec80000,0x00000000df179830,0x00000000df180000)
  to   space 5120K, 0% used [0x00000000de780000,0x00000000de780000,0x00000000dec80000)
 ParOldGen       total 84992K, used 6754K [0x0000000084200000, 0x0000000089500000, 0x00000000d6b80000)
  object space 84992K, 7% used [0x0000000084200000,0x0000000084898a58,0x0000000089500000)
 Metaspace       used 20335K, capacity 21208K, committed 21296K, reserved 1067008K
  class space    used 2656K, capacity 2858K, committed 2944K, reserved 1048576K
Event: 1.256 GC heap after
Heap after GC invocations=5 (full 1):
 PSYoungGen      total 132096K, used 0K [0x00000000d6b80000, 0x00000000df180000, 0x0000000100000000)
  eden space 126976K, 0% used [0x00000000d6b80000,0x00000000d6b80000,0x00000000de780000)
  from space 5120K, 0% used [0x00000000dec80000,0x00000000dec80000,0x00000000df180000)
  to   space 5120K, 0% used [0x00000000de780000,0x00000000de780000,0x00000000dec80000)
 ParOldGen       total 55808K, used 6028K [0x0000000084200000, 0x0000000087880000, 0x00000000d6b80000)
  object space 55808K, 10% used [0x0000000084200000,0x00000000847e3080,0x0000000087880000)
 Metaspace       used 20335K, capacity 21208K, committed 21296K, reserved 1067008K
  class space    used 2656K, capacity 2858K, committed 2944K, reserved 1048576K
}

