# JRE version: Java(TM) SE Runtime Environment (8.0_391) (build 1.8.0_391-b13)
# Java VM: Java HotSpot(TM) 64-Bit Server VM (25.391-b13 mixed mode linux-amd64 compressed oops)
Heap:
 PSYoungGen      total 68608K, used 38351K [0x00000000d6b80000, 0x00000000de980000, 0x0000000100000000)
  eden space 63488K, 52% used [0x00000000d6b80000,0x00000000d8bf7128,0x00000000da980000)
  from space 5120K, 99% used [0x00000000da980000,0x00000000dae7cd18,0x00000000dae80000)
  to   space 10240K, 0% used [0x00000000ddf80000,0x00000000ddf80000,0x00000000de980000)
 ParOldGen       total 51712K, used 10161K [0x0000000084200000, 0x0000000087480000, 0x00000000d6b80000)
  object space 51712K, 19% used [0x0000000084200000,0x0000000084bec578,0x0000000087480000)
 Metaspace       used 29815K, capacity 31918K, committed 32048K, reserved 1077248K
  class space    used 3930K, capacity 4296K, committed 4400K, reserved 1048576K
GC Heap History (10 events):
Event: 1.403 GC heap before
{Heap before GC invocations=2 (full 0):
 PSYoungGen      total 36864K, used 35902K [0x00000000d6b80000, 0x00000000d9480000, 0x0000000100000000)
  eden space 31744K, 100% used [0x00000000d6b80000,0x00000000d8a80000,0x00000000d8a80000)
  from space 5120K, 81% used [0x00000000d8a80000,0x00000000d8e8fbb8,0x00000000d8f80000)
  to   space 5120K, 0% used [0x00000000d8f80000,0x00000000d8f80000,0x00000000d9480000)
 ParOldGen       total 84992K, used 16K [0x0000000084200000, 0x0000000089500000, 0x00000000d6b80000)
  object space 84992K, 0% used [0x0000000084200000,0x0000000084204000,0x0000000089500000)
 Metaspace       used 15589K, capacity 16270K, committed 16384K, reserved 1062912K
  class space    used 1999K, capacity 2191K, committed 2304K, reserved 1048576K
Event: 1.412 GC heap after
Heap after GC invocations=2 (full 0):
 PSYoungGen      total 36864K, used 5117K [0x00000000d6b80000, 0x00000000db380000, 0x0000000100000000)
  eden space 31744K, 0% used [0x00000000d6b80000,0x00000000d6b80000,0x00000000d8a80000)
  from space 5120K, 99% used [0x00000000d8f80000,0x00000000d947f5a0,0x00000000d9480000)
  to   space 5120K, 0% used [0x00000000d8a80000,0x00000000d8a80000,0x00000000d8f80000)
 ParOldGen       total 84992K, used 1168K [0x0000000084200000, 0x0000000089500000, 0x00000000d6b80000)
  object space 84992K, 1% used [0x0000000084200000,0x00000000843241d0,0x0000000089500000)
 Metaspace       used 15589K, capacity 16270K, committed 16384K, reserved 1062912K
  class space    used 1999K, capacity 2191K, committed 2304K, reserved 1048576K
}
Event: 1.588 GC heap before
{Heap before GC invocations=3 (full 0):
 PSYoungGen      total 36864K, used 36861K [0x00000000d6b80000, 0x00000000db380000, 0x0000000100000000)
  eden space 31744K, 100% used [0x00000000d6b80000,0x00000000d8a80000,0x00000000d8a80000)
  from space 5120K, 99% used [0x00000000d8f80000,0x00000000d947f5a0,0x00000000d9480000)
  to   space 5120K, 0% used [0x00000000d8a80000,0x00000000d8a80000,0x00000000d8f80000)
 ParOldGen       total 84992K, used 1168K [0x0000000084200000, 0x0000000089500000, 0x00000000d6b80000)
  object space 84992K, 1% used [0x0000000084200000,0x00000000843241d0,0x0000000089500000)
 Metaspace       used 19331K, capacity 20160K, committed 20480K, reserved 1067008K
  class space    used 2475K, capacity 2690K, committed 2816K, reserved 1048576K
Event: 1.603 GC heap after
Heap after GC invocations=3 (full 0):
 PSYoungGen      total 36864K, used 5115K [0x00000000d6b80000, 0x00000000db380000, 0x0000000100000000)
  eden space 31744K, 0% used [0x00000000d6b80000,0x00000000d6b80000,0x00000000d8a80000)
  from space 5120K, 99% used [0x00000000d8a80000,0x00000000d8f7ed78,0x00000000d8f80000)
  to   space 5120K, 0% used [0x00000000dae80000,0x00000000dae80000,0x00000000db380000)
 ParOldGen       total 84992K, used 4065K [0x0000000084200000, 0x0000000089500000, 0x00000000d6b80000)
  object space 84992K, 4% used [0x0000000084200000,0x00000000845f8438,0x0000000089500000)
 Metaspace       used 19331K, capacity 20160K, committed 20480K, reserved 1067008K
  class space    used 2475K, capacity 2690K, committed 2816K, reserved 1048576K
}
Event: 1.836 GC heap before
{Heap before GC invocations=4 (full 0):
 PSYoungGen      total 36864K, used 28057K [0x00000000d6b80000, 0x00000000db380000, 0x0000000100000000)
  eden space 31744K, 72% used [0x00000000d6b80000,0x00000000d81e7770,0x00000000d8a80000)
  from space 5120K, 99% used [0x00000000d8a80000,0x00000000d8f7ed78,0x00000000d8f80000)
  to   space 5120K, 0% used [0x00000000dae80000,0x00000000dae80000,0x00000000db380000)
 ParOldGen       total 84992K, used 4065K [0x0000000084200000, 0x0000000089500000, 0x00000000d6b80000)
  object space 84992K, 4% used [0x0000000084200000,0x00000000845f8438,0x0000000089500000)
 Metaspace       used 20341K, capacity 21228K, committed 21296K, reserved 1067008K
  class space    used 2630K, capacity 2834K, committed 2864K, reserved 1048576K
Event: 1.844 GC heap after
Heap after GC invocations=4 (full 0):
 PSYoungGen      total 68608K, used 5109K [0x00000000d6b80000, 0x00000000db380000, 0x0000000100000000)
  eden space 63488K, 0% used [0x00000000d6b80000,0x00000000d6b80000,0x00000000da980000)
  from space 5120K, 99% used [0x00000000dae80000,0x00000000db37d648,0x00000000db380000)
  to   space 5120K, 0% used [0x00000000da980000,0x00000000da980000,0x00000000dae80000)
 ParOldGen       total 84992K, used 5808K [0x0000000084200000, 0x0000000089500000, 0x00000000d6b80000)
  object space 84992K, 6% used [0x0000000084200000,0x00000000847ac340,0x0000000089500000)
 Metaspace       used 20341K, capacity 21228K, committed 21296K, reserved 1067008K
  class space    used 2630K, capacity 2834K, committed 2864K, reserved 1048576K
}
Event: 1.844 GC heap before
{Heap before GC invocations=5 (full 1):
 PSYoungGen      total 68608K, used 5109K [0x00000000d6b80000, 0x00000000db380000, 0x0000000100000000)
  eden space 63488K, 0% used [0x00000000d6b80000,0x00000000d6b80000,0x00000000da980000)
  from space 5120K, 99% used [0x00000000dae80000,0x00000000db37d648,0x00000000db380000)
  to   space 5120K, 0% used [0x00000000da980000,0x00000000da980000,0x00000000dae80000)
 ParOldGen       total 84992K, used 5808K [0x0000000084200000, 0x0000000089500000, 0x00000000d6b80000)
  object space 84992K, 6% used [0x0000000084200000,0x00000000847ac340,0x0000000089500000)
 Metaspace       used 20341K, capacity 21228K, committed 21296K, reserved 1067008K
  class space    used 2630K, capacity 2834K, committed 2864K, reserved 1048576K
Event: 1.870 GC heap after
Heap after GC invocations=5 (full 1):
 PSYoungGen      total 68608K, used 0K [0x00000000d6b80000, 0x00000000db380000, 0x0000000100000000)
  eden space 63488K, 0% used [0x00000000d6b80000,0x00000000d6b80000,0x00000000da980000)
  from space 5120K, 0% used [0x00000000dae80000,0x00000000dae80000,0x00000000db380000)
  to   space 5120K, 0% used [0x00000000da980000,0x00000000da980000,0x00000000dae80000)
 ParOldGen       total 51712K, used 6730K [0x0000000084200000, 0x0000000087480000, 0x00000000d6b80000)
  object space 51712K, 13% used [0x0000000084200000,0x0000000084892b10,0x0000000087480000)
 Metaspace       used 20341K, capacity 21228K, committed 21296K, reserved 1067008K
  class space    used 2630K, capacity 2834K, committed 2864K, reserved 1048576K
}
Event: 2.550 GC heap before
{Heap before GC invocations=6 (full 1):
 PSYoungGen      total 68608K, used 63488K [0x00000000d6b80000, 0x00000000db380000, 0x0000000100000000)
  eden space 63488K, 100% used [0x00000000d6b80000,0x00000000da980000,0x00000000da980000)
  from space 5120K, 0% used [0x00000000dae80000,0x00000000dae80000,0x00000000db380000)
  to   space 5120K, 0% used [0x00000000da980000,0x00000000da980000,0x00000000dae80000)
 ParOldGen       total 51712K, used 6730K [0x0000000084200000, 0x0000000087480000, 0x00000000d6b80000)
  object space 51712K, 13% used [0x0000000084200000,0x0000000084892b10,0x0000000087480000)
 Metaspace       used 27229K, capacity 28988K, committed 29104K, reserved 1075200K
  class space    used 3562K, capacity 3902K, committed 4016K, reserved 1048576K
Event: 2.579 GC heap after
Heap after GC invocations=6 (full 1):
 PSYoungGen      total 68608K, used 5107K [0x00000000d6b80000, 0x00000000de980000, 0x0000000100000000)
  eden space 63488K, 0% used [0x00000000d6b80000,0x00000000d6b80000,0x00000000da980000)
  from space 5120K, 99% used [0x00000000da980000,0x00000000dae7cd18,0x00000000dae80000)
  to   space 10240K, 0% used [0x00000000ddf80000,0x00000000ddf80000,0x00000000de980000)
 ParOldGen       total 51712K, used 10161K [0x0000000084200000, 0x0000000087480000, 0x00000000d6b80000)
  object space 51712K, 19% used [0x0000000084200000,0x0000000084bec578,0x0000000087480000)
 Metaspace       used 27229K, capacity 28988K, committed 29104K, reserved 1075200K
  class space    used 3562K, capacity 3902K, committed 4016K, reserved 1048576K
}

