# JRE version: OpenJDK Runtime Environment (8.0_362-b09) (build 1.8.0_362-8u372-ga~us1-0ubuntu1~18.04-b09)
# Java VM: OpenJDK 64-Bit Server VM (25.362-b09 mixed mode linux-amd64 compressed oops)
Heap:
 PSYoungGen      total 132096K, used 107950K [0x00000000d6b80000, 0x00000000df180000, 0x0000000100000000)
  eden space 126976K, 85% used [0x00000000d6b80000,0x00000000dd4eb958,0x00000000de780000)
  from space 5120K, 0% used [0x00000000dec80000,0x00000000dec80000,0x00000000df180000)
  to   space 5120K, 0% used [0x00000000de780000,0x00000000de780000,0x00000000dec80000)
 ParOldGen       total 56320K, used 6011K [0x0000000084200000, 0x0000000087900000, 0x00000000d6b80000)
  object space 56320K, 10% used [0x0000000084200000,0x00000000847dec70,0x0000000087900000)
 Metaspace       used 29497K, capacity 31632K, committed 31744K, reserved 1077248K
  class space    used 3950K, capacity 4342K, committed 4352K, reserved 1048576K
GC Heap History (10 events):
Event: 0.448 GC heap before
{Heap before GC invocations=1 (full 0):
 PSYoungGen      total 36864K, used 31744K [0x00000000d6b80000, 0x00000000d9480000, 0x0000000100000000)
  eden space 31744K, 100% used [0x00000000d6b80000,0x00000000d8a80000,0x00000000d8a80000)
  from space 5120K, 0% used [0x00000000d8f80000,0x00000000d8f80000,0x00000000d9480000)
  to   space 5120K, 0% used [0x00000000d8a80000,0x00000000d8a80000,0x00000000d8f80000)
 ParOldGen       total 84992K, used 0K [0x0000000084200000, 0x0000000089500000, 0x00000000d6b80000)
  object space 84992K, 0% used [0x0000000084200000,0x0000000084200000,0x0000000089500000)
 Metaspace       used 11294K, capacity 11564K, committed 11776K, reserved 1058816K
  class space    used 1381K, capacity 1462K, committed 1536K, reserved 1048576K
Event: 0.453 GC heap after
Heap after GC invocations=1 (full 0):
 PSYoungGen      total 36864K, used 4367K [0x00000000d6b80000, 0x00000000db380000, 0x0000000100000000)
  eden space 31744K, 0% used [0x00000000d6b80000,0x00000000d6b80000,0x00000000d8a80000)
  from space 5120K, 85% used [0x00000000d8a80000,0x00000000d8ec3e48,0x00000000d8f80000)
  to   space 5120K, 0% used [0x00000000dae80000,0x00000000dae80000,0x00000000db380000)
 ParOldGen       total 84992K, used 16K [0x0000000084200000, 0x0000000089500000, 0x00000000d6b80000)
  object space 84992K, 0% used [0x0000000084200000,0x0000000084204000,0x0000000089500000)
 Metaspace       used 11294K, capacity 11564K, committed 11776K, reserved 1058816K
  class space    used 1381K, capacity 1462K, committed 1536K, reserved 1048576K
}
Event: 0.652 GC heap before
{Heap before GC invocations=2 (full 0):
 PSYoungGen      total 36864K, used 36111K [0x00000000d6b80000, 0x00000000db380000, 0x0000000100000000)
  eden space 31744K, 100% used [0x00000000d6b80000,0x00000000d8a80000,0x00000000d8a80000)
  from space 5120K, 85% used [0x00000000d8a80000,0x00000000d8ec3e48,0x00000000d8f80000)
  to   space 5120K, 0% used [0x00000000dae80000,0x00000000dae80000,0x00000000db380000)
 ParOldGen       total 84992K, used 31K [0x0000000084200000, 0x0000000089500000, 0x00000000d6b80000)
  object space 84992K, 0% used [0x0000000084200000,0x0000000084207ea0,0x0000000089500000)
 Metaspace       used 15087K, capacity 15770K, committed 16000K, reserved 1062912K
  class space    used 1941K, capacity 2103K, committed 2176K, reserved 1048576K
Event: 0.659 GC heap after
Heap after GC invocations=2 (full 0):
 PSYoungGen      total 68608K, used 5119K [0x00000000d6b80000, 0x00000000db380000, 0x0000000100000000)
  eden space 63488K, 0% used [0x00000000d6b80000,0x00000000d6b80000,0x00000000da980000)
  from space 5120K, 99% used [0x00000000dae80000,0x00000000db37fe30,0x00000000db380000)
  to   space 5120K, 0% used [0x00000000da980000,0x00000000da980000,0x00000000dae80000)
 ParOldGen       total 84992K, used 1020K [0x0000000084200000, 0x0000000089500000, 0x00000000d6b80000)
  object space 84992K, 1% used [0x0000000084200000,0x00000000842ff1c8,0x0000000089500000)
 Metaspace       used 15087K, capacity 15770K, committed 16000K, reserved 1062912K
  class space    used 1941K, capacity 2103K, committed 2176K, reserved 1048576K
}
Event: 1.018 GC heap before
{Heap before GC invocations=3 (full 0):
 PSYoungGen      total 68608K, used 68607K [0x00000000d6b80000, 0x00000000db380000, 0x0000000100000000)
  eden space 63488K, 100% used [0x00000000d6b80000,0x00000000da980000,0x00000000da980000)
  from space 5120K, 99% used [0x00000000dae80000,0x00000000db37fe30,0x00000000db380000)
  to   space 5120K, 0% used [0x00000000da980000,0x00000000da980000,0x00000000dae80000)
 ParOldGen       total 84992K, used 1027K [0x0000000084200000, 0x0000000089500000, 0x00000000d6b80000)
  object space 84992K, 1% used [0x0000000084200000,0x0000000084300cc0,0x0000000089500000)
 Metaspace       used 19713K, capacity 20650K, committed 20864K, reserved 1067008K
  class space    used 2580K, capacity 2821K, committed 2944K, reserved 1048576K
Event: 1.031 GC heap after
Heap after GC invocations=3 (full 0):
 PSYoungGen      total 68608K, used 5104K [0x00000000d6b80000, 0x00000000df180000, 0x0000000100000000)
  eden space 63488K, 0% used [0x00000000d6b80000,0x00000000d6b80000,0x00000000da980000)
  from space 5120K, 99% used [0x00000000da980000,0x00000000dae7c010,0x00000000dae80000)
  to   space 5120K, 0% used [0x00000000dec80000,0x00000000dec80000,0x00000000df180000)
 ParOldGen       total 84992K, used 5940K [0x0000000084200000, 0x0000000089500000, 0x00000000d6b80000)
  object space 84992K, 6% used [0x0000000084200000,0x00000000847cd258,0x0000000089500000)
 Metaspace       used 19713K, capacity 20650K, committed 20864K, reserved 1067008K
  class space    used 2580K, capacity 2821K, committed 2944K, reserved 1048576K
}
Event: 1.093 GC heap before
{Heap before GC invocations=4 (full 0):
 PSYoungGen      total 68608K, used 14476K [0x00000000d6b80000, 0x00000000df180000, 0x0000000100000000)
  eden space 63488K, 14% used [0x00000000d6b80000,0x00000000d74a7230,0x00000000da980000)
  from space 5120K, 99% used [0x00000000da980000,0x00000000dae7c010,0x00000000dae80000)
  to   space 5120K, 0% used [0x00000000dec80000,0x00000000dec80000,0x00000000df180000)
 ParOldGen       total 84992K, used 5940K [0x0000000084200000, 0x0000000089500000, 0x00000000d6b80000)
  object space 84992K, 6% used [0x0000000084200000,0x00000000847cd258,0x0000000089500000)
 Metaspace       used 20281K, capacity 21192K, committed 21296K, reserved 1067008K
  class space    used 2655K, capacity 2890K, committed 2944K, reserved 1048576K
Event: 1.099 GC heap after
Heap after GC invocations=4 (full 0):
 PSYoungGen      total 132096K, used 5093K [0x00000000d6b80000, 0x00000000df180000, 0x0000000100000000)
  eden space 126976K, 0% used [0x00000000d6b80000,0x00000000d6b80000,0x00000000de780000)
  from space 5120K, 99% used [0x00000000dec80000,0x00000000df179638,0x00000000df180000)
  to   space 5120K, 0% used [0x00000000de780000,0x00000000de780000,0x00000000dec80000)
 ParOldGen       total 84992K, used 6770K [0x0000000084200000, 0x0000000089500000, 0x00000000d6b80000)
  object space 84992K, 7% used [0x0000000084200000,0x000000008489c9f8,0x0000000089500000)
 Metaspace       used 20281K, capacity 21192K, committed 21296K, reserved 1067008K
  class space    used 2655K, capacity 2890K, committed 2944K, reserved 1048576K
}
Event: 1.099 GC heap before
{Heap before GC invocations=5 (full 1):
 PSYoungGen      total 132096K, used 5093K [0x00000000d6b80000, 0x00000000df180000, 0x0000000100000000)
  eden space 126976K, 0% used [0x00000000d6b80000,0x00000000d6b80000,0x00000000de780000)
  from space 5120K, 99% used [0x00000000dec80000,0x00000000df179638,0x00000000df180000)
  to   space 5120K, 0% used [0x00000000de780000,0x00000000de780000,0x00000000dec80000)
 ParOldGen       total 84992K, used 6770K [0x0000000084200000, 0x0000000089500000, 0x00000000d6b80000)
  object space 84992K, 7% used [0x0000000084200000,0x000000008489c9f8,0x0000000089500000)
 Metaspace       used 20281K, capacity 21192K, committed 21296K, reserved 1067008K
  class space    used 2655K, capacity 2890K, committed 2944K, reserved 1048576K
Event: 1.132 GC heap after
Heap after GC invocations=5 (full 1):
 PSYoungGen      total 132096K, used 0K [0x00000000d6b80000, 0x00000000df180000, 0x0000000100000000)
  eden space 126976K, 0% used [0x00000000d6b80000,0x00000000d6b80000,0x00000000de780000)
  from space 5120K, 0% used [0x00000000dec80000,0x00000000dec80000,0x00000000df180000)
  to   space 5120K, 0% used [0x00000000de780000,0x00000000de780000,0x00000000dec80000)
 ParOldGen       total 56320K, used 6011K [0x0000000084200000, 0x0000000087900000, 0x00000000d6b80000)
  object space 56320K, 10% used [0x0000000084200000,0x00000000847dec70,0x0000000087900000)
 Metaspace       used 20281K, capacity 21192K, committed 21296K, reserved 1067008K
  class space    used 2655K, capacity 2890K, committed 2944K, reserved 1048576K
}

