# JRE version: Java(TM) SE Runtime Environment (8.0_391) (build 1.8.0_391-b13)
# Java VM: Java HotSpot(TM) 64-Bit Server VM (25.391-b13 mixed mode linux-amd64 compressed oops)
Heap:
 PSYoungGen      total 68608K, used 44596K [0x00000000d6b80000, 0x00000000ddc00000, 0x0000000100000000)
  eden space 63488K, 62% used [0x00000000d6b80000,0x00000000d9211f20,0x00000000da980000)
  from space 5120K, 99% used [0x00000000da980000,0x00000000dae7b3d8,0x00000000dae80000)
  to   space 10240K, 0% used [0x00000000dd200000,0x00000000dd200000,0x00000000ddc00000)
 ParOldGen       total 57856K, used 10422K [0x0000000084200000, 0x0000000087a80000, 0x00000000d6b80000)
  object space 57856K, 18% used [0x0000000084200000,0x0000000084c2db10,0x0000000087a80000)
 Metaspace       used 31018K, capacity 33186K, committed 33408K, reserved 1079296K
  class space    used 4076K, capacity 4470K, committed 4480K, reserved 1048576K
GC Heap History (10 events):
Event: 1.449 GC heap before
{Heap before GC invocations=2 (full 0):
 PSYoungGen      total 36864K, used 35940K [0x00000000d6b80000, 0x00000000d9480000, 0x0000000100000000)
  eden space 31744K, 100% used [0x00000000d6b80000,0x00000000d8a80000,0x00000000d8a80000)
  from space 5120K, 81% used [0x00000000d8a80000,0x00000000d8e991d0,0x00000000d8f80000)
  to   space 5120K, 0% used [0x00000000d8f80000,0x00000000d8f80000,0x00000000d9480000)
 ParOldGen       total 84992K, used 16K [0x0000000084200000, 0x0000000089500000, 0x00000000d6b80000)
  object space 84992K, 0% used [0x0000000084200000,0x0000000084204000,0x0000000089500000)
 Metaspace       used 15146K, capacity 15774K, committed 16000K, reserved 1062912K
  class space    used 1938K, capacity 2105K, committed 2176K, reserved 1048576K
Event: 1.457 GC heap after
Heap after GC invocations=2 (full 0):
 PSYoungGen      total 36864K, used 5109K [0x00000000d6b80000, 0x00000000db380000, 0x0000000100000000)
  eden space 31744K, 0% used [0x00000000d6b80000,0x00000000d6b80000,0x00000000d8a80000)
  from space 5120K, 99% used [0x00000000d8f80000,0x00000000d947d4b8,0x00000000d9480000)
  to   space 5120K, 0% used [0x00000000d8a80000,0x00000000d8a80000,0x00000000d8f80000)
 ParOldGen       total 84992K, used 1235K [0x0000000084200000, 0x0000000089500000, 0x00000000d6b80000)
  object space 84992K, 1% used [0x0000000084200000,0x0000000084334f48,0x0000000089500000)
 Metaspace       used 15146K, capacity 15774K, committed 16000K, reserved 1062912K
  class space    used 1938K, capacity 2105K, committed 2176K, reserved 1048576K
}
Event: 1.768 GC heap before
{Heap before GC invocations=3 (full 0):
 PSYoungGen      total 36864K, used 36853K [0x00000000d6b80000, 0x00000000db380000, 0x0000000100000000)
  eden space 31744K, 100% used [0x00000000d6b80000,0x00000000d8a80000,0x00000000d8a80000)
  from space 5120K, 99% used [0x00000000d8f80000,0x00000000d947d4b8,0x00000000d9480000)
  to   space 5120K, 0% used [0x00000000d8a80000,0x00000000d8a80000,0x00000000d8f80000)
 ParOldGen       total 84992K, used 1235K [0x0000000084200000, 0x0000000089500000, 0x00000000d6b80000)
  object space 84992K, 1% used [0x0000000084200000,0x0000000084334f48,0x0000000089500000)
 Metaspace       used 18833K, capacity 19652K, committed 19840K, reserved 1067008K
  class space    used 2412K, capacity 2614K, committed 2688K, reserved 1048576K
Event: 1.781 GC heap after
Heap after GC invocations=3 (full 0):
 PSYoungGen      total 36864K, used 5112K [0x00000000d6b80000, 0x00000000db380000, 0x0000000100000000)
  eden space 31744K, 0% used [0x00000000d6b80000,0x00000000d6b80000,0x00000000d8a80000)
  from space 5120K, 99% used [0x00000000d8a80000,0x00000000d8f7e320,0x00000000d8f80000)
  to   space 5120K, 0% used [0x00000000dae80000,0x00000000dae80000,0x00000000db380000)
 ParOldGen       total 84992K, used 4001K [0x0000000084200000, 0x0000000089500000, 0x00000000d6b80000)
  object space 84992K, 4% used [0x0000000084200000,0x00000000845e8498,0x0000000089500000)
 Metaspace       used 18833K, capacity 19652K, committed 19840K, reserved 1067008K
  class space    used 2412K, capacity 2614K, committed 2688K, reserved 1048576K
}
Event: 2.058 GC heap before
{Heap before GC invocations=4 (full 0):
 PSYoungGen      total 36864K, used 31869K [0x00000000d6b80000, 0x00000000db380000, 0x0000000100000000)
  eden space 31744K, 84% used [0x00000000d6b80000,0x00000000d85a12f8,0x00000000d8a80000)
  from space 5120K, 99% used [0x00000000d8a80000,0x00000000d8f7e320,0x00000000d8f80000)
  to   space 5120K, 0% used [0x00000000dae80000,0x00000000dae80000,0x00000000db380000)
 ParOldGen       total 84992K, used 4001K [0x0000000084200000, 0x0000000089500000, 0x00000000d6b80000)
  object space 84992K, 4% used [0x0000000084200000,0x00000000845e8498,0x0000000089500000)
 Metaspace       used 20288K, capacity 21204K, committed 21296K, reserved 1067008K
  class space    used 2632K, capacity 2858K, committed 2944K, reserved 1048576K
Event: 2.076 GC heap after
Heap after GC invocations=4 (full 0):
 PSYoungGen      total 68608K, used 5109K [0x00000000d6b80000, 0x00000000db380000, 0x0000000100000000)
  eden space 63488K, 0% used [0x00000000d6b80000,0x00000000d6b80000,0x00000000da980000)
  from space 5120K, 99% used [0x00000000dae80000,0x00000000db37d648,0x00000000db380000)
  to   space 5120K, 0% used [0x00000000da980000,0x00000000da980000,0x00000000dae80000)
 ParOldGen       total 84992K, used 6128K [0x0000000084200000, 0x0000000089500000, 0x00000000d6b80000)
  object space 84992K, 7% used [0x0000000084200000,0x00000000847fc3a8,0x0000000089500000)
 Metaspace       used 20288K, capacity 21204K, committed 21296K, reserved 1067008K
  class space    used 2632K, capacity 2858K, committed 2944K, reserved 1048576K
}
Event: 2.076 GC heap before
{Heap before GC invocations=5 (full 1):
 PSYoungGen      total 68608K, used 5109K [0x00000000d6b80000, 0x00000000db380000, 0x0000000100000000)
  eden space 63488K, 0% used [0x00000000d6b80000,0x00000000d6b80000,0x00000000da980000)
  from space 5120K, 99% used [0x00000000dae80000,0x00000000db37d648,0x00000000db380000)
  to   space 5120K, 0% used [0x00000000da980000,0x00000000da980000,0x00000000dae80000)
 ParOldGen       total 84992K, used 6128K [0x0000000084200000, 0x0000000089500000, 0x00000000d6b80000)
  object space 84992K, 7% used [0x0000000084200000,0x00000000847fc3a8,0x0000000089500000)
 Metaspace       used 20288K, capacity 21204K, committed 21296K, reserved 1067008K
  class space    used 2632K, capacity 2858K, committed 2944K, reserved 1048576K
Event: 2.135 GC heap after
Heap after GC invocations=5 (full 1):
 PSYoungGen      total 68608K, used 0K [0x00000000d6b80000, 0x00000000db380000, 0x0000000100000000)
  eden space 63488K, 0% used [0x00000000d6b80000,0x00000000d6b80000,0x00000000da980000)
  from space 5120K, 0% used [0x00000000dae80000,0x00000000dae80000,0x00000000db380000)
  to   space 5120K, 0% used [0x00000000da980000,0x00000000da980000,0x00000000dae80000)
 ParOldGen       total 57856K, used 7124K [0x0000000084200000, 0x0000000087a80000, 0x00000000d6b80000)
  object space 57856K, 12% used [0x0000000084200000,0x00000000848f5080,0x0000000087a80000)
 Metaspace       used 20288K, capacity 21204K, committed 21296K, reserved 1067008K
  class space    used 2632K, capacity 2858K, committed 2944K, reserved 1048576K
}
Event: 2.963 GC heap before
{Heap before GC invocations=6 (full 1):
 PSYoungGen      total 68608K, used 63488K [0x00000000d6b80000, 0x00000000db380000, 0x0000000100000000)
  eden space 63488K, 100% used [0x00000000d6b80000,0x00000000da980000,0x00000000da980000)
  from space 5120K, 0% used [0x00000000dae80000,0x00000000dae80000,0x00000000db380000)
  to   space 5120K, 0% used [0x00000000da980000,0x00000000da980000,0x00000000dae80000)
 ParOldGen       total 57856K, used 7124K [0x0000000084200000, 0x0000000087a80000, 0x00000000d6b80000)
  object space 57856K, 12% used [0x0000000084200000,0x00000000848f5080,0x0000000087a80000)
 Metaspace       used 27472K, capacity 29222K, committed 29312K, reserved 1075200K
  class space    used 3592K, capacity 3911K, committed 3968K, reserved 1048576K
Event: 2.978 GC heap after
Heap after GC invocations=6 (full 1):
 PSYoungGen      total 68608K, used 5100K [0x00000000d6b80000, 0x00000000ddc00000, 0x0000000100000000)
  eden space 63488K, 0% used [0x00000000d6b80000,0x00000000d6b80000,0x00000000da980000)
  from space 5120K, 99% used [0x00000000da980000,0x00000000dae7b3d8,0x00000000dae80000)
  to   space 10240K, 0% used [0x00000000dd200000,0x00000000dd200000,0x00000000ddc00000)
 ParOldGen       total 57856K, used 10422K [0x0000000084200000, 0x0000000087a80000, 0x00000000d6b80000)
  object space 57856K, 18% used [0x0000000084200000,0x0000000084c2db10,0x0000000087a80000)
 Metaspace       used 27472K, capacity 29222K, committed 29312K, reserved 1075200K
  class space    used 3592K, capacity 3911K, committed 3968K, reserved 1048576K
}

