# JRE version: OpenJDK Runtime Environment (8.0_362-b09) (build 1.8.0_362-8u372-ga~us1-0ubuntu1~18.04-b09)
# Java VM: OpenJDK 64-Bit Server VM (25.362-b09 mixed mode linux-amd64 compressed oops)
Heap:
 PSYoungGen      total 132096K, used 106109K [0x00000000d6b80000, 0x00000000e7680000, 0x0000000100000000)
  eden space 126976K, 83% used [0x00000000d6b80000,0x00000000dd31f488,0x00000000de780000)
  from space 5120K, 0% used [0x00000000de780000,0x00000000de780000,0x00000000dec80000)
  to   space 9728K, 0% used [0x00000000e6d00000,0x00000000e6d00000,0x00000000e7680000)
 ParOldGen       total 47616K, used 5724K [0x0000000084200000, 0x0000000087080000, 0x00000000d6b80000)
  object space 47616K, 12% used [0x0000000084200000,0x0000000084797280,0x0000000087080000)
 Metaspace       used 29481K, capacity 31616K, committed 31740K, reserved 1077248K
  class space    used 3951K, capacity 4342K, committed 4352K, reserved 1048576K
GC Heap History (10 events):
Event: 0.805 GC heap before
{Heap before GC invocations=2 (full 0):
 PSYoungGen      total 36864K, used 36144K [0x00000000d6b80000, 0x00000000db380000, 0x0000000100000000)
  eden space 31744K, 100% used [0x00000000d6b80000,0x00000000d8a80000,0x00000000d8a80000)
  from space 5120K, 85% used [0x00000000d8a80000,0x00000000d8ecc338,0x00000000d8f80000)
  to   space 5120K, 0% used [0x00000000dae80000,0x00000000dae80000,0x00000000db380000)
 ParOldGen       total 84992K, used 16K [0x0000000084200000, 0x0000000089500000, 0x00000000d6b80000)
  object space 84992K, 0% used [0x0000000084200000,0x0000000084204000,0x0000000089500000)
 Metaspace       used 15102K, capacity 15766K, committed 16000K, reserved 1062912K
  class space    used 1942K, capacity 2103K, committed 2176K, reserved 1048576K
Event: 0.811 GC heap after
Heap after GC invocations=2 (full 0):
 PSYoungGen      total 68608K, used 5108K [0x00000000d6b80000, 0x00000000db380000, 0x0000000100000000)
  eden space 63488K, 0% used [0x00000000d6b80000,0x00000000d6b80000,0x00000000da980000)
  from space 5120K, 99% used [0x00000000dae80000,0x00000000db37d070,0x00000000db380000)
  to   space 5120K, 0% used [0x00000000da980000,0x00000000da980000,0x00000000dae80000)
 ParOldGen       total 84992K, used 1048K [0x0000000084200000, 0x0000000089500000, 0x00000000d6b80000)
  object space 84992K, 1% used [0x0000000084200000,0x0000000084306200,0x0000000089500000)
 Metaspace       used 15102K, capacity 15766K, committed 16000K, reserved 1062912K
  class space    used 1942K, capacity 2103K, committed 2176K, reserved 1048576K
}
Event: 1.162 GC heap before
{Heap before GC invocations=3 (full 0):
 PSYoungGen      total 68608K, used 68596K [0x00000000d6b80000, 0x00000000db380000, 0x0000000100000000)
  eden space 63488K, 100% used [0x00000000d6b80000,0x00000000da980000,0x00000000da980000)
  from space 5120K, 99% used [0x00000000dae80000,0x00000000db37d070,0x00000000db380000)
  to   space 5120K, 0% used [0x00000000da980000,0x00000000da980000,0x00000000dae80000)
 ParOldGen       total 84992K, used 1048K [0x0000000084200000, 0x0000000089500000, 0x00000000d6b80000)
  object space 84992K, 1% used [0x0000000084200000,0x0000000084306200,0x0000000089500000)
 Metaspace       used 19624K, capacity 20540K, committed 20736K, reserved 1067008K
  class space    used 2572K, capacity 2788K, committed 2816K, reserved 1048576K
Event: 1.174 GC heap after
Heap after GC invocations=3 (full 0):
 PSYoungGen      total 68608K, used 5093K [0x00000000d6b80000, 0x00000000df180000, 0x0000000100000000)
  eden space 63488K, 0% used [0x00000000d6b80000,0x00000000d6b80000,0x00000000da980000)
  from space 5120K, 99% used [0x00000000da980000,0x00000000dae79638,0x00000000dae80000)
  to   space 5120K, 0% used [0x00000000dec80000,0x00000000dec80000,0x00000000df180000)
 ParOldGen       total 84992K, used 5765K [0x0000000084200000, 0x0000000089500000, 0x00000000d6b80000)
  object space 84992K, 6% used [0x0000000084200000,0x00000000847a14d0,0x0000000089500000)
 Metaspace       used 19624K, capacity 20540K, committed 20736K, reserved 1067008K
  class space    used 2572K, capacity 2788K, committed 2816K, reserved 1048576K
}
Event: 1.209 GC heap before
{Heap before GC invocations=4 (full 0):
 PSYoungGen      total 68608K, used 12813K [0x00000000d6b80000, 0x00000000df180000, 0x0000000100000000)
  eden space 63488K, 12% used [0x00000000d6b80000,0x00000000d7309ef0,0x00000000da980000)
  from space 5120K, 99% used [0x00000000da980000,0x00000000dae79638,0x00000000dae80000)
  to   space 5120K, 0% used [0x00000000dec80000,0x00000000dec80000,0x00000000df180000)
 ParOldGen       total 84992K, used 5765K [0x0000000084200000, 0x0000000089500000, 0x00000000d6b80000)
  object space 84992K, 6% used [0x0000000084200000,0x00000000847a14d0,0x0000000089500000)
 Metaspace       used 20278K, capacity 21252K, committed 21376K, reserved 1067008K
  class space    used 2653K, capacity 2892K, committed 2944K, reserved 1048576K
Event: 1.215 GC heap after
Heap after GC invocations=4 (full 0):
 PSYoungGen      total 132096K, used 5088K [0x00000000d6b80000, 0x00000000df180000, 0x0000000100000000)
  eden space 126976K, 0% used [0x00000000d6b80000,0x00000000d6b80000,0x00000000de780000)
  from space 5120K, 99% used [0x00000000dec80000,0x00000000df1781d8,0x00000000df180000)
  to   space 5120K, 0% used [0x00000000de780000,0x00000000de780000,0x00000000dec80000)
 ParOldGen       total 84992K, used 6459K [0x0000000084200000, 0x0000000089500000, 0x00000000d6b80000)
  object space 84992K, 7% used [0x0000000084200000,0x000000008484efe8,0x0000000089500000)
 Metaspace       used 20278K, capacity 21252K, committed 21376K, reserved 1067008K
  class space    used 2653K, capacity 2892K, committed 2944K, reserved 1048576K
}
Event: 1.231 GC heap before
{Heap before GC invocations=5 (full 0):
 PSYoungGen      total 132096K, used 9960K [0x00000000d6b80000, 0x00000000df180000, 0x0000000100000000)
  eden space 126976K, 3% used [0x00000000d6b80000,0x00000000d7041f80,0x00000000de780000)
  from space 5120K, 99% used [0x00000000dec80000,0x00000000df1781d8,0x00000000df180000)
  to   space 5120K, 0% used [0x00000000de780000,0x00000000de780000,0x00000000dec80000)
 ParOldGen       total 84992K, used 6459K [0x0000000084200000, 0x0000000089500000, 0x00000000d6b80000)
  object space 84992K, 7% used [0x0000000084200000,0x000000008484efe8,0x0000000089500000)
 Metaspace       used 20680K, capacity 21620K, committed 21628K, reserved 1069056K
  class space    used 2710K, capacity 2938K, committed 2944K, reserved 1048576K
Event: 1.237 GC heap after
Heap after GC invocations=5 (full 0):
 PSYoungGen      total 132096K, used 5109K [0x00000000d6b80000, 0x00000000e7680000, 0x0000000100000000)
  eden space 126976K, 0% used [0x00000000d6b80000,0x00000000d6b80000,0x00000000de780000)
  from space 5120K, 99% used [0x00000000de780000,0x00000000dec7d648,0x00000000dec80000)
  to   space 9728K, 0% used [0x00000000e6d00000,0x00000000e6d00000,0x00000000e7680000)
 ParOldGen       total 84992K, used 6828K [0x0000000084200000, 0x0000000089500000, 0x00000000d6b80000)
  object space 84992K, 8% used [0x0000000084200000,0x00000000848ab170,0x0000000089500000)
 Metaspace       used 20680K, capacity 21620K, committed 21628K, reserved 1069056K
  class space    used 2710K, capacity 2938K, committed 2944K, reserved 1048576K
}
Event: 1.237 GC heap before
{Heap before GC invocations=6 (full 1):
 PSYoungGen      total 132096K, used 5109K [0x00000000d6b80000, 0x00000000e7680000, 0x0000000100000000)
  eden space 126976K, 0% used [0x00000000d6b80000,0x00000000d6b80000,0x00000000de780000)
  from space 5120K, 99% used [0x00000000de780000,0x00000000dec7d648,0x00000000dec80000)
  to   space 9728K, 0% used [0x00000000e6d00000,0x00000000e6d00000,0x00000000e7680000)
 ParOldGen       total 84992K, used 6828K [0x0000000084200000, 0x0000000089500000, 0x00000000d6b80000)
  object space 84992K, 8% used [0x0000000084200000,0x00000000848ab170,0x0000000089500000)
 Metaspace       used 20680K, capacity 21620K, committed 21628K, reserved 1069056K
  class space    used 2710K, capacity 2938K, committed 2944K, reserved 1048576K
Event: 1.262 GC heap after
Heap after GC invocations=6 (full 1):
 PSYoungGen      total 132096K, used 0K [0x00000000d6b80000, 0x00000000e7680000, 0x0000000100000000)
  eden space 126976K, 0% used [0x00000000d6b80000,0x00000000d6b80000,0x00000000de780000)
  from space 5120K, 0% used [0x00000000de780000,0x00000000de780000,0x00000000dec80000)
  to   space 9728K, 0% used [0x00000000e6d00000,0x00000000e6d00000,0x00000000e7680000)
 ParOldGen       total 47616K, used 5724K [0x0000000084200000, 0x0000000087080000, 0x00000000d6b80000)
  object space 47616K, 12% used [0x0000000084200000,0x0000000084797280,0x0000000087080000)
 Metaspace       used 20680K, capacity 21620K, committed 21628K, reserved 1069056K
  class space    used 2710K, capacity 2938K, committed 2944K, reserved 1048576K
}

