# JRE version: OpenJDK Runtime Environment (8.0_362-b09) (build 1.8.0_362-8u372-ga~us1-0ubuntu1~18.04-b09)
# Java VM: OpenJDK 64-Bit Server VM (25.362-b09 mixed mode linux-amd64 compressed oops)
Heap:
 PSYoungGen      total 132096K, used 124072K [0x00000000d6b80000, 0x00000000df180000, 0x0000000100000000)
  eden space 126976K, 97% used [0x00000000d6b80000,0x00000000de4aa230,0x00000000de780000)
  from space 5120K, 0% used [0x00000000dec80000,0x00000000dec80000,0x00000000df180000)
  to   space 5120K, 0% used [0x00000000de780000,0x00000000de780000,0x00000000dec80000)
 ParOldGen       total 51712K, used 6690K [0x0000000084200000, 0x0000000087480000, 0x00000000d6b80000)
  object space 51712K, 12% used [0x0000000084200000,0x00000000848889f0,0x0000000087480000)
 Metaspace       used 30031K, capacity 32136K, committed 32304K, reserved 1077248K
  class space    used 3962K, capacity 4342K, committed 4400K, reserved 1048576K
GC Heap History (10 events):
Event: 0.772 GC heap before
{Heap before GC invocations=1 (full 0):
 PSYoungGen      total 36864K, used 31744K [0x00000000d6b80000, 0x00000000d9480000, 0x0000000100000000)
  eden space 31744K, 100% used [0x00000000d6b80000,0x00000000d8a80000,0x00000000d8a80000)
  from space 5120K, 0% used [0x00000000d8f80000,0x00000000d8f80000,0x00000000d9480000)
  to   space 5120K, 0% used [0x00000000d8a80000,0x00000000d8a80000,0x00000000d8f80000)
 ParOldGen       total 84992K, used 0K [0x0000000084200000, 0x0000000089500000, 0x00000000d6b80000)
  object space 84992K, 0% used [0x0000000084200000,0x0000000084200000,0x0000000089500000)
 Metaspace       used 10878K, capacity 11092K, committed 11136K, reserved 1058816K
  class space    used 1300K, capacity 1394K, committed 1408K, reserved 1048576K
Event: 0.784 GC heap after
Heap after GC invocations=1 (full 0):
 PSYoungGen      total 36864K, used 3826K [0x00000000d6b80000, 0x00000000db380000, 0x0000000100000000)
  eden space 31744K, 0% used [0x00000000d6b80000,0x00000000d6b80000,0x00000000d8a80000)
  from space 5120K, 74% used [0x00000000d8a80000,0x00000000d8e3c940,0x00000000d8f80000)
  to   space 5120K, 0% used [0x00000000dae80000,0x00000000dae80000,0x00000000db380000)
 ParOldGen       total 84992K, used 8K [0x0000000084200000, 0x0000000089500000, 0x00000000d6b80000)
  object space 84992K, 0% used [0x0000000084200000,0x0000000084202000,0x0000000089500000)
 Metaspace       used 10878K, capacity 11092K, committed 11136K, reserved 1058816K
  class space    used 1300K, capacity 1394K, committed 1408K, reserved 1048576K
}
Event: 1.176 GC heap before
{Heap before GC invocations=2 (full 0):
 PSYoungGen      total 36864K, used 35570K [0x00000000d6b80000, 0x00000000db380000, 0x0000000100000000)
  eden space 31744K, 100% used [0x00000000d6b80000,0x00000000d8a80000,0x00000000d8a80000)
  from space 5120K, 74% used [0x00000000d8a80000,0x00000000d8e3c940,0x00000000d8f80000)
  to   space 5120K, 0% used [0x00000000dae80000,0x00000000dae80000,0x00000000db380000)
 ParOldGen       total 84992K, used 8K [0x0000000084200000, 0x0000000089500000, 0x00000000d6b80000)
  object space 84992K, 0% used [0x0000000084200000,0x0000000084202000,0x0000000089500000)
 Metaspace       used 14108K, capacity 14772K, committed 15104K, reserved 1062912K
  class space    used 1818K, capacity 1966K, committed 2048K, reserved 1048576K
Event: 1.188 GC heap after
Heap after GC invocations=2 (full 0):
 PSYoungGen      total 68608K, used 5115K [0x00000000d6b80000, 0x00000000db380000, 0x0000000100000000)
  eden space 63488K, 0% used [0x00000000d6b80000,0x00000000d6b80000,0x00000000da980000)
  from space 5120K, 99% used [0x00000000dae80000,0x00000000db37ec28,0x00000000db380000)
  to   space 5120K, 0% used [0x00000000da980000,0x00000000da980000,0x00000000dae80000)
 ParOldGen       total 84992K, used 448K [0x0000000084200000, 0x0000000089500000, 0x00000000d6b80000)
  object space 84992K, 0% used [0x0000000084200000,0x0000000084270058,0x0000000089500000)
 Metaspace       used 14108K, capacity 14772K, committed 15104K, reserved 1062912K
  class space    used 1818K, capacity 1966K, committed 2048K, reserved 1048576K
}
Event: 1.789 GC heap before
{Heap before GC invocations=3 (full 0):
 PSYoungGen      total 68608K, used 68603K [0x00000000d6b80000, 0x00000000db380000, 0x0000000100000000)
  eden space 63488K, 100% used [0x00000000d6b80000,0x00000000da980000,0x00000000da980000)
  from space 5120K, 99% used [0x00000000dae80000,0x00000000db37ec28,0x00000000db380000)
  to   space 5120K, 0% used [0x00000000da980000,0x00000000da980000,0x00000000dae80000)
 ParOldGen       total 84992K, used 448K [0x0000000084200000, 0x0000000089500000, 0x00000000d6b80000)
  object space 84992K, 0% used [0x0000000084200000,0x0000000084270058,0x0000000089500000)
 Metaspace       used 20254K, capacity 21124K, committed 21296K, reserved 1067008K
  class space    used 2609K, capacity 2826K, committed 2864K, reserved 1048576K
Event: 1.804 GC heap after
Heap after GC invocations=3 (full 0):
 PSYoungGen      total 68608K, used 5093K [0x00000000d6b80000, 0x00000000df180000, 0x0000000100000000)
  eden space 63488K, 0% used [0x00000000d6b80000,0x00000000d6b80000,0x00000000da980000)
  from space 5120K, 99% used [0x00000000da980000,0x00000000dae797f0,0x00000000dae80000)
  to   space 5120K, 0% used [0x00000000dec80000,0x00000000dec80000,0x00000000df180000)
 ParOldGen       total 84992K, used 5986K [0x0000000084200000, 0x0000000089500000, 0x00000000d6b80000)
  object space 84992K, 7% used [0x0000000084200000,0x00000000847d8a50,0x0000000089500000)
 Metaspace       used 20254K, capacity 21124K, committed 21296K, reserved 1067008K
  class space    used 2609K, capacity 2826K, committed 2864K, reserved 1048576K
}
Event: 1.853 GC heap before
{Heap before GC invocations=4 (full 0):
 PSYoungGen      total 68608K, used 12362K [0x00000000d6b80000, 0x00000000df180000, 0x0000000100000000)
  eden space 63488K, 11% used [0x00000000d6b80000,0x00000000d72990d0,0x00000000da980000)
  from space 5120K, 99% used [0x00000000da980000,0x00000000dae797f0,0x00000000dae80000)
  to   space 5120K, 0% used [0x00000000dec80000,0x00000000dec80000,0x00000000df180000)
 ParOldGen       total 84992K, used 5986K [0x0000000084200000, 0x0000000089500000, 0x00000000d6b80000)
  object space 84992K, 7% used [0x0000000084200000,0x00000000847d8a50,0x0000000089500000)
 Metaspace       used 20348K, capacity 21206K, committed 21296K, reserved 1067008K
  class space    used 2624K, capacity 2829K, committed 2864K, reserved 1048576K
Event: 1.862 GC heap after
Heap after GC invocations=4 (full 0):
 PSYoungGen      total 132096K, used 5093K [0x00000000d6b80000, 0x00000000df180000, 0x0000000100000000)
  eden space 126976K, 0% used [0x00000000d6b80000,0x00000000d6b80000,0x00000000de780000)
  from space 5120K, 99% used [0x00000000dec80000,0x00000000df1797f0,0x00000000df180000)
  to   space 5120K, 0% used [0x00000000de780000,0x00000000de780000,0x00000000dec80000)
 ParOldGen       total 84992K, used 6541K [0x0000000084200000, 0x0000000089500000, 0x00000000d6b80000)
  object space 84992K, 7% used [0x0000000084200000,0x00000000848636b8,0x0000000089500000)
 Metaspace       used 20348K, capacity 21206K, committed 21296K, reserved 1067008K
  class space    used 2624K, capacity 2829K, committed 2864K, reserved 1048576K
}
Event: 1.862 GC heap before
{Heap before GC invocations=5 (full 1):
 PSYoungGen      total 132096K, used 5093K [0x00000000d6b80000, 0x00000000df180000, 0x0000000100000000)
  eden space 126976K, 0% used [0x00000000d6b80000,0x00000000d6b80000,0x00000000de780000)
  from space 5120K, 99% used [0x00000000dec80000,0x00000000df1797f0,0x00000000df180000)
  to   space 5120K, 0% used [0x00000000de780000,0x00000000de780000,0x00000000dec80000)
 ParOldGen       total 84992K, used 6541K [0x0000000084200000, 0x0000000089500000, 0x00000000d6b80000)
  object space 84992K, 7% used [0x0000000084200000,0x00000000848636b8,0x0000000089500000)
 Metaspace       used 20348K, capacity 21206K, committed 21296K, reserved 1067008K
  class space    used 2624K, capacity 2829K, committed 2864K, reserved 1048576K
Event: 1.894 GC heap after
Heap after GC invocations=5 (full 1):
 PSYoungGen      total 132096K, used 0K [0x00000000d6b80000, 0x00000000df180000, 0x0000000100000000)
  eden space 126976K, 0% used [0x00000000d6b80000,0x00000000d6b80000,0x00000000de780000)
  from space 5120K, 0% used [0x00000000dec80000,0x00000000dec80000,0x00000000df180000)
  to   space 5120K, 0% used [0x00000000de780000,0x00000000de780000,0x00000000dec80000)
 ParOldGen       total 51712K, used 6690K [0x0000000084200000, 0x0000000087480000, 0x00000000d6b80000)
  object space 51712K, 12% used [0x0000000084200000,0x00000000848889f0,0x0000000087480000)
 Metaspace       used 20348K, capacity 21206K, committed 21296K, reserved 1067008K
  class space    used 2624K, capacity 2829K, committed 2864K, reserved 1048576K
}

