# JRE version: Java(TM) SE Runtime Environment (8.0_391) (build 1.8.0_391-b13)
# Java VM: Java HotSpot(TM) 64-Bit Server VM (25.391-b13 mixed mode linux-amd64 compressed oops)
Heap:
 PSYoungGen      total 68608K, used 49662K [0x00000000d6b80000, 0x00000000de480000, 0x0000000100000000)
  eden space 63488K, 70% used [0x00000000d6b80000,0x00000000d97022c8,0x00000000da980000)
  from space 5120K, 99% used [0x00000000da980000,0x00000000dae7d6b8,0x00000000dae80000)
  to   space 10240K, 0% used [0x00000000dda80000,0x00000000dda80000,0x00000000de480000)
 ParOldGen       total 54272K, used 10648K [0x0000000084200000, 0x0000000087700000, 0x00000000d6b80000)
  object space 54272K, 19% used [0x0000000084200000,0x0000000084c66018,0x0000000087700000)
 Metaspace       used 31024K, capacity 33182K, committed 33456K, reserved 1079296K
  class space    used 4076K, capacity 4470K, committed 4528K, reserved 1048576K
GC Heap History (10 events):
Event: 1.038 GC heap before
{Heap before GC invocations=2 (full 0):
 PSYoungGen      total 36864K, used 35888K [0x00000000d6b80000, 0x00000000d9480000, 0x0000000100000000)
  eden space 31744K, 99% used [0x00000000d6b80000,0x00000000d8a7afa0,0x00000000d8a80000)
  from space 5120K, 81% used [0x00000000d8a80000,0x00000000d8e911d0,0x00000000d8f80000)
  to   space 5120K, 0% used [0x00000000d8f80000,0x00000000d8f80000,0x00000000d9480000)
 ParOldGen       total 84992K, used 16K [0x0000000084200000, 0x0000000089500000, 0x00000000d6b80000)
  object space 84992K, 0% used [0x0000000084200000,0x0000000084204000,0x0000000089500000)
 Metaspace       used 15272K, capacity 15930K, committed 16000K, reserved 1062912K
  class space    used 1950K, capacity 2137K, committed 2176K, reserved 1048576K
Event: 1.047 GC heap after
Heap after GC invocations=2 (full 0):
 PSYoungGen      total 36864K, used 5103K [0x00000000d6b80000, 0x00000000db380000, 0x0000000100000000)
  eden space 31744K, 0% used [0x00000000d6b80000,0x00000000d6b80000,0x00000000d8a80000)
  from space 5120K, 99% used [0x00000000d8f80000,0x00000000d947bda8,0x00000000d9480000)
  to   space 5120K, 0% used [0x00000000d8a80000,0x00000000d8a80000,0x00000000d8f80000)
 ParOldGen       total 84992K, used 1356K [0x0000000084200000, 0x0000000089500000, 0x00000000d6b80000)
  object space 84992K, 1% used [0x0000000084200000,0x0000000084353310,0x0000000089500000)
 Metaspace       used 15272K, capacity 15930K, committed 16000K, reserved 1062912K
  class space    used 1950K, capacity 2137K, committed 2176K, reserved 1048576K
}
Event: 1.209 GC heap before
{Heap before GC invocations=3 (full 0):
 PSYoungGen      total 36864K, used 36847K [0x00000000d6b80000, 0x00000000db380000, 0x0000000100000000)
  eden space 31744K, 100% used [0x00000000d6b80000,0x00000000d8a80000,0x00000000d8a80000)
  from space 5120K, 99% used [0x00000000d8f80000,0x00000000d947bda8,0x00000000d9480000)
  to   space 5120K, 0% used [0x00000000d8a80000,0x00000000d8a80000,0x00000000d8f80000)
 ParOldGen       total 84992K, used 1356K [0x0000000084200000, 0x0000000089500000, 0x00000000d6b80000)
  object space 84992K, 1% used [0x0000000084200000,0x0000000084353310,0x0000000089500000)
 Metaspace       used 19331K, capacity 20094K, committed 20352K, reserved 1067008K
  class space    used 2470K, capacity 2679K, committed 2688K, reserved 1048576K
Event: 1.221 GC heap after
Heap after GC invocations=3 (full 0):
 PSYoungGen      total 36864K, used 5105K [0x00000000d6b80000, 0x00000000db380000, 0x0000000100000000)
  eden space 31744K, 0% used [0x00000000d6b80000,0x00000000d6b80000,0x00000000d8a80000)
  from space 5120K, 99% used [0x00000000d8a80000,0x00000000d8f7c4d8,0x00000000d8f80000)
  to   space 5120K, 0% used [0x00000000dae80000,0x00000000dae80000,0x00000000db380000)
 ParOldGen       total 84992K, used 3750K [0x0000000084200000, 0x0000000089500000, 0x00000000d6b80000)
  object space 84992K, 4% used [0x0000000084200000,0x00000000845a9a60,0x0000000089500000)
 Metaspace       used 19331K, capacity 20094K, committed 20352K, reserved 1067008K
  class space    used 2470K, capacity 2679K, committed 2688K, reserved 1048576K
}
Event: 1.370 GC heap before
{Heap before GC invocations=4 (full 0):
 PSYoungGen      total 36864K, used 26057K [0x00000000d6b80000, 0x00000000db380000, 0x0000000100000000)
  eden space 31744K, 66% used [0x00000000d6b80000,0x00000000d7ff6230,0x00000000d8a80000)
  from space 5120K, 99% used [0x00000000d8a80000,0x00000000d8f7c4d8,0x00000000d8f80000)
  to   space 5120K, 0% used [0x00000000dae80000,0x00000000dae80000,0x00000000db380000)
 ParOldGen       total 84992K, used 3750K [0x0000000084200000, 0x0000000089500000, 0x00000000d6b80000)
  object space 84992K, 4% used [0x0000000084200000,0x00000000845a9a60,0x0000000089500000)
 Metaspace       used 20293K, capacity 21212K, committed 21296K, reserved 1067008K
  class space    used 2621K, capacity 2830K, committed 2864K, reserved 1048576K
Event: 1.379 GC heap after
Heap after GC invocations=4 (full 0):
 PSYoungGen      total 68608K, used 5109K [0x00000000d6b80000, 0x00000000db380000, 0x0000000100000000)
  eden space 63488K, 0% used [0x00000000d6b80000,0x00000000d6b80000,0x00000000da980000)
  from space 5120K, 99% used [0x00000000dae80000,0x00000000db37d648,0x00000000db380000)
  to   space 5120K, 0% used [0x00000000da980000,0x00000000da980000,0x00000000dae80000)
 ParOldGen       total 84992K, used 5854K [0x0000000084200000, 0x0000000089500000, 0x00000000d6b80000)
  object space 84992K, 6% used [0x0000000084200000,0x00000000847b7950,0x0000000089500000)
 Metaspace       used 20293K, capacity 21212K, committed 21296K, reserved 1067008K
  class space    used 2621K, capacity 2830K, committed 2864K, reserved 1048576K
}
Event: 1.379 GC heap before
{Heap before GC invocations=5 (full 1):
 PSYoungGen      total 68608K, used 5109K [0x00000000d6b80000, 0x00000000db380000, 0x0000000100000000)
  eden space 63488K, 0% used [0x00000000d6b80000,0x00000000d6b80000,0x00000000da980000)
  from space 5120K, 99% used [0x00000000dae80000,0x00000000db37d648,0x00000000db380000)
  to   space 5120K, 0% used [0x00000000da980000,0x00000000da980000,0x00000000dae80000)
 ParOldGen       total 84992K, used 5854K [0x0000000084200000, 0x0000000089500000, 0x00000000d6b80000)
  object space 84992K, 6% used [0x0000000084200000,0x00000000847b7950,0x0000000089500000)
 Metaspace       used 20293K, capacity 21212K, committed 21296K, reserved 1067008K
  class space    used 2621K, capacity 2830K, committed 2864K, reserved 1048576K
Event: 1.407 GC heap after
Heap after GC invocations=5 (full 1):
 PSYoungGen      total 68608K, used 0K [0x00000000d6b80000, 0x00000000db380000, 0x0000000100000000)
  eden space 63488K, 0% used [0x00000000d6b80000,0x00000000d6b80000,0x00000000da980000)
  from space 5120K, 0% used [0x00000000dae80000,0x00000000dae80000,0x00000000db380000)
  to   space 5120K, 0% used [0x00000000da980000,0x00000000da980000,0x00000000dae80000)
 ParOldGen       total 54272K, used 7142K [0x0000000084200000, 0x0000000087700000, 0x00000000d6b80000)
  object space 54272K, 13% used [0x0000000084200000,0x00000000848f9a60,0x0000000087700000)
 Metaspace       used 20293K, capacity 21212K, committed 21296K, reserved 1067008K
  class space    used 2621K, capacity 2830K, committed 2864K, reserved 1048576K
}
Event: 2.060 GC heap before
{Heap before GC invocations=6 (full 1):
 PSYoungGen      total 68608K, used 63488K [0x00000000d6b80000, 0x00000000db380000, 0x0000000100000000)
  eden space 63488K, 100% used [0x00000000d6b80000,0x00000000da980000,0x00000000da980000)
  from space 5120K, 0% used [0x00000000dae80000,0x00000000dae80000,0x00000000db380000)
  to   space 5120K, 0% used [0x00000000da980000,0x00000000da980000,0x00000000dae80000)
 ParOldGen       total 54272K, used 7142K [0x0000000084200000, 0x0000000087700000, 0x00000000d6b80000)
  object space 54272K, 13% used [0x0000000084200000,0x00000000848f9a60,0x0000000087700000)
 Metaspace       used 27132K, capacity 28866K, committed 28976K, reserved 1075200K
  class space    used 3539K, capacity 3865K, committed 3888K, reserved 1048576K
Event: 2.082 GC heap after
Heap after GC invocations=6 (full 1):
 PSYoungGen      total 68608K, used 5109K [0x00000000d6b80000, 0x00000000de480000, 0x0000000100000000)
  eden space 63488K, 0% used [0x00000000d6b80000,0x00000000d6b80000,0x00000000da980000)
  from space 5120K, 99% used [0x00000000da980000,0x00000000dae7d6b8,0x00000000dae80000)
  to   space 10240K, 0% used [0x00000000dda80000,0x00000000dda80000,0x00000000de480000)
 ParOldGen       total 54272K, used 10648K [0x0000000084200000, 0x0000000087700000, 0x00000000d6b80000)
  object space 54272K, 19% used [0x0000000084200000,0x0000000084c66018,0x0000000087700000)
 Metaspace       used 27132K, capacity 28866K, committed 28976K, reserved 1075200K
  class space    used 3539K, capacity 3865K, committed 3888K, reserved 1048576K
}

