# JRE version: Java(TM) SE Runtime Environment (8.0_391) (build 1.8.0_391-b13)
# Java VM: Java HotSpot(TM) 64-Bit Server VM (25.391-b13 mixed mode linux-amd64 compressed oops)
Heap:
 PSYoungGen      total 68608K, used 49302K [0x00000000d6b80000, 0x00000000de500000, 0x0000000100000000)
  eden space 63488K, 69% used [0x00000000d6b80000,0x00000000d96a83b8,0x00000000da980000)
  from space 5120K, 99% used [0x00000000da980000,0x00000000dae7d6b8,0x00000000dae80000)
  to   space 10240K, 0% used [0x00000000ddb00000,0x00000000ddb00000,0x00000000de500000)
 ParOldGen       total 52736K, used 10148K [0x0000000084200000, 0x0000000087580000, 0x00000000d6b80000)
  object space 52736K, 19% used [0x0000000084200000,0x0000000084be9330,0x0000000087580000)
 Metaspace       used 31016K, capacity 33186K, committed 33456K, reserved 1079296K
  class space    used 4067K, capacity 4470K, committed 4528K, reserved 1048576K
GC Heap History (10 events):
Event: 1.199 GC heap before
{Heap before GC invocations=2 (full 0):
 PSYoungGen      total 36864K, used 35925K [0x00000000d6b80000, 0x00000000d9480000, 0x0000000100000000)
  eden space 31744K, 99% used [0x00000000d6b80000,0x00000000d8a7d9c8,0x00000000d8a80000)
  from space 5120K, 81% used [0x00000000d8a80000,0x00000000d8e97bb8,0x00000000d8f80000)
  to   space 5120K, 0% used [0x00000000d8f80000,0x00000000d8f80000,0x00000000d9480000)
 ParOldGen       total 84992K, used 16K [0x0000000084200000, 0x0000000089500000, 0x00000000d6b80000)
  object space 84992K, 0% used [0x0000000084200000,0x0000000084204000,0x0000000089500000)
 Metaspace       used 15203K, capacity 15826K, committed 16000K, reserved 1062912K
  class space    used 1938K, capacity 2103K, committed 2176K, reserved 1048576K
Event: 1.211 GC heap after
Heap after GC invocations=2 (full 0):
 PSYoungGen      total 36864K, used 5103K [0x00000000d6b80000, 0x00000000db380000, 0x0000000100000000)
  eden space 31744K, 0% used [0x00000000d6b80000,0x00000000d6b80000,0x00000000d8a80000)
  from space 5120K, 99% used [0x00000000d8f80000,0x00000000d947bcf8,0x00000000d9480000)
  to   space 5120K, 0% used [0x00000000d8a80000,0x00000000d8a80000,0x00000000d8f80000)
 ParOldGen       total 84992K, used 1277K [0x0000000084200000, 0x0000000089500000, 0x00000000d6b80000)
  object space 84992K, 1% used [0x0000000084200000,0x000000008433f490,0x0000000089500000)
 Metaspace       used 15203K, capacity 15826K, committed 16000K, reserved 1062912K
  class space    used 1938K, capacity 2103K, committed 2176K, reserved 1048576K
}
Event: 1.396 GC heap before
{Heap before GC invocations=3 (full 0):
 PSYoungGen      total 36864K, used 36847K [0x00000000d6b80000, 0x00000000db380000, 0x0000000100000000)
  eden space 31744K, 100% used [0x00000000d6b80000,0x00000000d8a80000,0x00000000d8a80000)
  from space 5120K, 99% used [0x00000000d8f80000,0x00000000d947bcf8,0x00000000d9480000)
  to   space 5120K, 0% used [0x00000000d8a80000,0x00000000d8a80000,0x00000000d8f80000)
 ParOldGen       total 84992K, used 1277K [0x0000000084200000, 0x0000000089500000, 0x00000000d6b80000)
  object space 84992K, 1% used [0x0000000084200000,0x000000008433f490,0x0000000089500000)
 Metaspace       used 19354K, capacity 20232K, committed 20480K, reserved 1067008K
  class space    used 2476K, capacity 2690K, committed 2816K, reserved 1048576K
Event: 1.409 GC heap after
Heap after GC invocations=3 (full 0):
 PSYoungGen      total 36864K, used 5111K [0x00000000d6b80000, 0x00000000db380000, 0x0000000100000000)
  eden space 31744K, 0% used [0x00000000d6b80000,0x00000000d6b80000,0x00000000d8a80000)
  from space 5120K, 99% used [0x00000000d8a80000,0x00000000d8f7dcf0,0x00000000d8f80000)
  to   space 5120K, 0% used [0x00000000dae80000,0x00000000dae80000,0x00000000db380000)
 ParOldGen       total 84992K, used 3874K [0x0000000084200000, 0x0000000089500000, 0x00000000d6b80000)
  object space 84992K, 4% used [0x0000000084200000,0x00000000845c89d0,0x0000000089500000)
 Metaspace       used 19354K, capacity 20232K, committed 20480K, reserved 1067008K
  class space    used 2476K, capacity 2690K, committed 2816K, reserved 1048576K
}
Event: 1.678 GC heap before
{Heap before GC invocations=4 (full 0):
 PSYoungGen      total 36864K, used 27935K [0x00000000d6b80000, 0x00000000db380000, 0x0000000100000000)
  eden space 31744K, 71% used [0x00000000d6b80000,0x00000000d81c9fb0,0x00000000d8a80000)
  from space 5120K, 99% used [0x00000000d8a80000,0x00000000d8f7dcf0,0x00000000d8f80000)
  to   space 5120K, 0% used [0x00000000dae80000,0x00000000dae80000,0x00000000db380000)
 ParOldGen       total 84992K, used 3874K [0x0000000084200000, 0x0000000089500000, 0x00000000d6b80000)
  object space 84992K, 4% used [0x0000000084200000,0x00000000845c89d0,0x0000000089500000)
 Metaspace       used 20357K, capacity 21236K, committed 21296K, reserved 1067008K
  class space    used 2631K, capacity 2834K, committed 2864K, reserved 1048576K
Event: 1.688 GC heap after
Heap after GC invocations=4 (full 0):
 PSYoungGen      total 68608K, used 5109K [0x00000000d6b80000, 0x00000000db380000, 0x0000000100000000)
  eden space 63488K, 0% used [0x00000000d6b80000,0x00000000d6b80000,0x00000000da980000)
  from space 5120K, 99% used [0x00000000dae80000,0x00000000db37d648,0x00000000db380000)
  to   space 5120K, 0% used [0x00000000da980000,0x00000000da980000,0x00000000dae80000)
 ParOldGen       total 84992K, used 5572K [0x0000000084200000, 0x0000000089500000, 0x00000000d6b80000)
  object space 84992K, 6% used [0x0000000084200000,0x0000000084771360,0x0000000089500000)
 Metaspace       used 20357K, capacity 21236K, committed 21296K, reserved 1067008K
  class space    used 2631K, capacity 2834K, committed 2864K, reserved 1048576K
}
Event: 1.688 GC heap before
{Heap before GC invocations=5 (full 1):
 PSYoungGen      total 68608K, used 5109K [0x00000000d6b80000, 0x00000000db380000, 0x0000000100000000)
  eden space 63488K, 0% used [0x00000000d6b80000,0x00000000d6b80000,0x00000000da980000)
  from space 5120K, 99% used [0x00000000dae80000,0x00000000db37d648,0x00000000db380000)
  to   space 5120K, 0% used [0x00000000da980000,0x00000000da980000,0x00000000dae80000)
 ParOldGen       total 84992K, used 5572K [0x0000000084200000, 0x0000000089500000, 0x00000000d6b80000)
  object space 84992K, 6% used [0x0000000084200000,0x0000000084771360,0x0000000089500000)
 Metaspace       used 20357K, capacity 21236K, committed 21296K, reserved 1067008K
  class space    used 2631K, capacity 2834K, committed 2864K, reserved 1048576K
Event: 1.716 GC heap after
Heap after GC invocations=5 (full 1):
 PSYoungGen      total 68608K, used 0K [0x00000000d6b80000, 0x00000000db380000, 0x0000000100000000)
  eden space 63488K, 0% used [0x00000000d6b80000,0x00000000d6b80000,0x00000000da980000)
  from space 5120K, 0% used [0x00000000dae80000,0x00000000dae80000,0x00000000db380000)
  to   space 5120K, 0% used [0x00000000da980000,0x00000000da980000,0x00000000dae80000)
 ParOldGen       total 52736K, used 6733K [0x0000000084200000, 0x0000000087580000, 0x00000000d6b80000)
  object space 52736K, 12% used [0x0000000084200000,0x00000000848937d8,0x0000000087580000)
 Metaspace       used 20357K, capacity 21236K, committed 21296K, reserved 1067008K
  class space    used 2631K, capacity 2834K, committed 2864K, reserved 1048576K
}
Event: 2.478 GC heap before
{Heap before GC invocations=6 (full 1):
 PSYoungGen      total 68608K, used 63488K [0x00000000d6b80000, 0x00000000db380000, 0x0000000100000000)
  eden space 63488K, 100% used [0x00000000d6b80000,0x00000000da980000,0x00000000da980000)
  from space 5120K, 0% used [0x00000000dae80000,0x00000000dae80000,0x00000000db380000)
  to   space 5120K, 0% used [0x00000000da980000,0x00000000da980000,0x00000000dae80000)
 ParOldGen       total 52736K, used 6733K [0x0000000084200000, 0x0000000087580000, 0x00000000d6b80000)
  object space 52736K, 12% used [0x0000000084200000,0x00000000848937d8,0x0000000087580000)
 Metaspace       used 27223K, capacity 28938K, committed 28976K, reserved 1075200K
  class space    used 3551K, capacity 3867K, committed 3888K, reserved 1048576K
Event: 2.489 GC heap after
Heap after GC invocations=6 (full 1):
 PSYoungGen      total 68608K, used 5109K [0x00000000d6b80000, 0x00000000de500000, 0x0000000100000000)
  eden space 63488K, 0% used [0x00000000d6b80000,0x00000000d6b80000,0x00000000da980000)
  from space 5120K, 99% used [0x00000000da980000,0x00000000dae7d6b8,0x00000000dae80000)
  to   space 10240K, 0% used [0x00000000ddb00000,0x00000000ddb00000,0x00000000de500000)
 ParOldGen       total 52736K, used 10148K [0x0000000084200000, 0x0000000087580000, 0x00000000d6b80000)
  object space 52736K, 19% used [0x0000000084200000,0x0000000084be9330,0x0000000087580000)
 Metaspace       used 27223K, capacity 28938K, committed 28976K, reserved 1075200K
  class space    used 3551K, capacity 3867K, committed 3888K, reserved 1048576K
}

